2020-05-15 15:58:24.882  INFO 12448 --- [restartedMain] algo.Application                         : Starting Application on epo-kwak with PID 12448 (D:\project\kwakNG\uiserver-ng-sboot-starter\uiserver-sboot\target\classes started by epozen in d:\project\kwakNG\uiserver-ng-sboot-starter\uiserver-sboot)
2020-05-15 15:58:24.885  INFO 12448 --- [restartedMain] algo.Application                         : No active profile set, falling back to default profiles: default
2020-05-15 15:58:24.953  INFO 12448 --- [restartedMain] o.s.b.devtools.restart.ChangeableUrls    : The Class-Path manifest attribute in C:\Users\epozen\.m2\repository\org\glassfish\jaxb\jaxb-runtime\2.3.2\jaxb-runtime-2.3.2.jar referenced one or more files that do not exist: file:/C:/Users/epozen/.m2/repository/org/glassfish/jaxb/jaxb-runtime/2.3.2/jakarta.xml.bind-api-2.3.2.jar,file:/C:/Users/epozen/.m2/repository/org/glassfish/jaxb/jaxb-runtime/2.3.2/txw2-2.3.2.jar,file:/C:/Users/epozen/.m2/repository/org/glassfish/jaxb/jaxb-runtime/2.3.2/istack-commons-runtime-3.0.8.jar,file:/C:/Users/epozen/.m2/repository/org/glassfish/jaxb/jaxb-runtime/2.3.2/stax-ex-1.8.1.jar,file:/C:/Users/epozen/.m2/repository/org/glassfish/jaxb/jaxb-runtime/2.3.2/FastInfoset-1.2.16.jar,file:/C:/Users/epozen/.m2/repository/org/glassfish/jaxb/jaxb-runtime/2.3.2/jakarta.activation-api-1.2.1.jar
2020-05-15 15:58:24.953  INFO 12448 --- [restartedMain] o.s.b.devtools.restart.ChangeableUrls    : The Class-Path manifest attribute in C:\Users\epozen\.m2\repository\com\oracle\ojdbc\ojdbc8\19.3.0.0\ojdbc8-19.3.0.0.jar referenced one or more files that do not exist: file:/C:/Users/epozen/.m2/repository/com/oracle/ojdbc/ojdbc8/19.3.0.0/oraclepki.jar
2020-05-15 15:58:24.953  INFO 12448 --- [restartedMain] o.s.b.devtools.restart.ChangeableUrls    : The Class-Path manifest attribute in C:\Users\epozen\.m2\repository\com\oracle\ojdbc\oraclepki\19.3.0.0\oraclepki-19.3.0.0.jar referenced one or more files that do not exist: file:/C:/Users/epozen/.m2/repository/com/oracle/ojdbc/oraclepki/19.3.0.0/osdt_core.jar,file:/C:/Users/epozen/.m2/repository/com/oracle/ojdbc/oraclepki/19.3.0.0/osdt_cert.jar,file:/C:/Users/epozen/.m2/repository/com/oracle/ojdbc/oraclepki/oracle.osdt/osdt_core.jar,file:/C:/Users/epozen/.m2/repository/com/oracle/ojdbc/oraclepki/oracle.osdt/osdt_cert.jar
2020-05-15 15:58:24.954  INFO 12448 --- [restartedMain] .e.DevToolsPropertyDefaultsPostProcessor : Devtools property defaults active! Set 'spring.devtools.add-properties' to 'false' to disable
2020-05-15 15:58:24.954  INFO 12448 --- [restartedMain] .e.DevToolsPropertyDefaultsPostProcessor : For additional web related logging consider setting the 'logging.level.web' property to 'DEBUG'
2020-05-15 15:58:27.028  INFO 12448 --- [restartedMain] .s.d.r.c.RepositoryConfigurationDelegate : Bootstrapping Spring Data JPA repositories in DEFAULT mode.
2020-05-15 15:58:27.074  INFO 12448 --- [restartedMain] .s.d.r.c.RepositoryConfigurationDelegate : Finished Spring Data repository scanning in 29ms. Found 0 JPA repository interfaces.
2020-05-15 15:58:28.466  INFO 12448 --- [restartedMain] o.s.b.w.embedded.tomcat.TomcatWebServer  : Tomcat initialized with port(s): 8080 (http)
2020-05-15 15:58:28.487  INFO 12448 --- [restartedMain] o.apache.catalina.core.StandardService   : Starting service [Tomcat]
2020-05-15 15:58:28.488  INFO 12448 --- [restartedMain] org.apache.catalina.core.StandardEngine  : Starting Servlet engine: [Apache Tomcat/9.0.33]
2020-05-15 15:58:28.685  INFO 12448 --- [restartedMain] o.a.c.c.C.[Tomcat].[localhost].[/]       : Initializing Spring embedded WebApplicationContext
2020-05-15 15:58:28.685  INFO 12448 --- [restartedMain] o.s.web.context.ContextLoader            : Root WebApplicationContext: initialization completed in 3731 ms
2020-05-15 15:58:28.976  INFO 12448 --- [restartedMain] com.zaxxer.hikari.HikariDataSource       : HikariPool-1 - Starting...
2020-05-15 15:58:33.921  INFO 12448 --- [restartedMain] com.zaxxer.hikari.HikariDataSource       : HikariPool-1 - Start completed.
2020-05-15 15:58:33.930  INFO 12448 --- [restartedMain] o.s.b.a.h2.H2ConsoleAutoConfiguration    : H2 console available at '/h2console'. Database available at 'jdbc:h2:file:d:/temp/h2db/h2testdb'
2020-05-15 15:58:34.471  INFO 12448 --- [restartedMain] o.hibernate.jpa.internal.util.LogHelper  : HHH000204: Processing PersistenceUnitInfo [name: default]
2020-05-15 15:58:34.634  INFO 12448 --- [restartedMain] org.hibernate.Version                    : HHH000412: Hibernate ORM core version 5.4.12.Final
2020-05-15 15:58:34.960  INFO 12448 --- [restartedMain] o.hibernate.annotations.common.Version   : HCANN000001: Hibernate Commons Annotations {5.1.0.Final}
2020-05-15 15:58:35.170  INFO 12448 --- [restartedMain] org.hibernate.dialect.Dialect            : HHH000400: Using dialect: org.hibernate.dialect.H2Dialect
2020-05-15 15:58:35.551  INFO 12448 --- [restartedMain] o.h.e.t.j.p.i.JtaPlatformInitiator       : HHH000490: Using JtaPlatform implementation: [org.hibernate.engine.transaction.jta.platform.internal.NoJtaPlatform]
2020-05-15 15:58:35.565  INFO 12448 --- [restartedMain] j.LocalContainerEntityManagerFactoryBean : Initialized JPA EntityManagerFactory for persistence unit 'default'
2020-05-15 15:58:35.636  INFO 12448 --- [restartedMain] o.s.b.d.a.OptionalLiveReloadServer       : LiveReload server is running on port 35729
2020-05-15 15:58:35.897  INFO 12448 --- [restartedMain] o.s.s.concurrent.ThreadPoolTaskExecutor  : Initializing ExecutorService 'clientInboundChannelExecutor'
2020-05-15 15:58:35.907  INFO 12448 --- [restartedMain] o.s.s.concurrent.ThreadPoolTaskExecutor  : Initializing ExecutorService 'clientOutboundChannelExecutor'
2020-05-15 15:58:35.910  INFO 12448 --- [restartedMain] util.Log                                 : ------------------- configureMessageBroker start # org.springframework.messaging.simp.config.MessageBrokerRegistry@3d88f57f
2020-05-15 15:58:36.304  WARN 12448 --- [restartedMain] JpaBaseConfiguration$JpaWebConfiguration : spring.jpa.open-in-view is enabled by default. Therefore, database queries may be performed during view rendering. Explicitly configure spring.jpa.open-in-view to disable this warning
2020-05-15 15:58:36.528  INFO 12448 --- [restartedMain] o.s.b.a.e.web.EndpointLinksResolver      : Exposing 2 endpoint(s) beneath base path '/actuator'
2020-05-15 15:58:36.666  INFO 12448 --- [restartedMain] pertySourcedRequestMappingHandlerMapping : Mapped URL path [/v2/api-docs] onto method [springfox.documentation.swagger2.web.Swagger2Controller#getDocumentation(String, HttpServletRequest)]
2020-05-15 15:58:36.706  INFO 12448 --- [restartedMain] o.s.s.c.ThreadPoolTaskScheduler          : Initializing ExecutorService 'messageBrokerTaskScheduler'
2020-05-15 15:58:36.717  INFO 12448 --- [restartedMain] util.Log                                 : ------------------- registerWebSocketHandlers start # org.springframework.web.socket.config.annotation.WebMvcStompEndpointRegistry@276bcc76
2020-05-15 15:58:36.743  INFO 12448 --- [restartedMain] o.s.s.concurrent.ThreadPoolTaskExecutor  : Initializing ExecutorService 'brokerChannelExecutor'
2020-05-15 15:58:36.994  INFO 12448 --- [restartedMain] o.s.b.a.w.s.WelcomePageHandlerMapping    : Adding welcome page: class path resource [META-INF/resources/index.html]
2020-05-15 15:58:37.106  WARN 12448 --- [restartedMain] ion$DefaultTemplateResolverConfiguration : Cannot find template location: classpath:/templates/ (please add some templates or check your Thymeleaf configuration)
2020-05-15 15:58:37.580  INFO 12448 --- [restartedMain] d.s.w.p.DocumentationPluginsBootstrapper : Context refreshed
2020-05-15 15:58:37.616  INFO 12448 --- [restartedMain] d.s.w.p.DocumentationPluginsBootstrapper : Found 1 custom documentation plugin(s)
2020-05-15 15:58:37.669  INFO 12448 --- [restartedMain] s.d.s.w.s.ApiListingReferenceScanner     : Scanning for api listing references
2020-05-15 15:58:37.922  INFO 12448 --- [restartedMain] .d.s.w.r.o.CachingOperationNameGenerator : Generating unique operation named: handleUsingGET_1
2020-05-15 15:58:37.928  INFO 12448 --- [restartedMain] .d.s.w.r.o.CachingOperationNameGenerator : Generating unique operation named: handleUsingGET_2
2020-05-15 15:58:37.965  INFO 12448 --- [restartedMain] o.s.m.s.b.SimpleBrokerMessageHandler     : Starting...
2020-05-15 15:58:37.966  INFO 12448 --- [restartedMain] o.s.m.s.b.SimpleBrokerMessageHandler     : BrokerAvailabilityEvent[available=true, SimpleBrokerMessageHandler [DefaultSubscriptionRegistry[cache[0 destination(s)], registry[0 sessions]]]]
2020-05-15 15:58:37.967  INFO 12448 --- [restartedMain] o.s.m.s.b.SimpleBrokerMessageHandler     : Started.
2020-05-15 15:58:38.032  INFO 12448 --- [restartedMain] o.s.b.w.embedded.tomcat.TomcatWebServer  : Tomcat started on port(s): 8080 (http) with context path ''
2020-05-15 15:58:38.037  INFO 12448 --- [restartedMain] algo.Application                         : Started Application in 13.708 seconds (JVM running for 15.579)
2020-05-15 15:58:48.035  INFO 12448 --- [Thread-10] util.Log                                 : 	 ***** COUNT #elapse=10   #gap=10        #count=10        #map={appdata/GAP=6, appdata/PROC=2, timer=2}#mapStr={}
2020-05-15 15:58:58.036  INFO 12448 --- [Thread-10] util.Log                                 : 	 ***** COUNT #elapse=20   #gap=5         #count=15        #map={appdata/GAP=9, appdata/PROC=3, timer=3}#mapStr={}
2020-05-15 15:59:08.037  INFO 12448 --- [Thread-10] util.Log                                 : 	 ***** COUNT #elapse=30   #gap=5         #count=20        #map={appdata/GAP=12, appdata/PROC=4, timer=4}#mapStr={}
2020-05-15 15:59:18.037  INFO 12448 --- [Thread-10] util.Log                                 : 	 ***** COUNT #elapse=40   #gap=5         #count=25        #map={appdata/GAP=15, appdata/PROC=5, timer=5}#mapStr={}
2020-05-15 15:59:21.824  INFO 12448 --- [http-nio-8080-exec-3] o.a.c.c.C.[Tomcat].[localhost].[/]       : Initializing Spring DispatcherServlet 'dispatcherServlet'
2020-05-15 15:59:21.824  INFO 12448 --- [http-nio-8080-exec-3] o.s.web.servlet.DispatcherServlet        : Initializing Servlet 'dispatcherServlet'
2020-05-15 15:59:21.841  INFO 12448 --- [http-nio-8080-exec-3] o.s.web.servlet.DispatcherServlet        : Completed initialization in 17 ms
2020-05-15 15:59:28.037  INFO 12448 --- [Thread-10] util.Log                                 : 	 ***** COUNT #elapse=50   #gap=5         #count=30        #map={appdata/GAP=18, appdata/PROC=6, timer=6}#mapStr={}
2020-05-15 15:59:36.741  INFO 12448 --- [MessageBroker-3] o.s.w.s.c.WebSocketMessageBrokerStats    : WebSocketSession[0 current WS(0)-HttpStream(0)-HttpPoll(0), 0 total, 0 closed abnormally (0 connect failure, 0 send limit, 0 transport error)], stompSubProtocol[processed CONNECT(0)-CONNECTED(0)-DISCONNECT(0)], stompBrokerRelay[null], inboundChannel[pool size = 0, active threads = 0, queued tasks = 0, completed tasks = 0], outboundChannel[pool size = 0, active threads = 0, queued tasks = 0, completed tasks = 0], sockJsScheduler[pool size = 8, active threads = 1, queued tasks = 1, completed tasks = 6]
2020-05-15 15:59:38.038  INFO 12448 --- [Thread-10] util.Log                                 : 	 ***** COUNT #elapse=60   #gap=5         #count=35        #map={appdata/GAP=21, appdata/PROC=7, timer=7}#mapStr={}
2020-05-15 15:59:48.038  INFO 12448 --- [Thread-10] util.Log                                 : 	 ***** COUNT #elapse=70   #gap=5         #count=40        #map={appdata/GAP=24, appdata/PROC=8, timer=8}#mapStr={}
2020-05-15 15:59:58.038  INFO 12448 --- [Thread-10] util.Log                                 : 	 ***** COUNT #elapse=80   #gap=5         #count=45        #map={appdata/GAP=27, appdata/PROC=9, timer=9}#mapStr={}
2020-05-15 16:00:08.038  INFO 12448 --- [Thread-10] util.Log                                 : 	 ***** COUNT #elapse=90   #gap=5         #count=50        #map={appdata/GAP=30, appdata/PROC=10, timer=10}#mapStr={}
2020-05-15 16:00:18.039  INFO 12448 --- [Thread-10] util.Log                                 : 	 ***** COUNT #elapse=100  #gap=5         #count=55        #map={appdata/GAP=33, appdata/PROC=11, timer=11}#mapStr={}
2020-05-15 16:00:28.040  INFO 12448 --- [Thread-10] util.Log                                 : 	 ***** COUNT #elapse=110  #gap=5         #count=60        #map={appdata/GAP=36, appdata/PROC=12, timer=12}#mapStr={}
2020-05-15 16:00:38.041  INFO 12448 --- [Thread-10] util.Log                                 : 	 ***** COUNT #elapse=120  #gap=5         #count=65        #map={appdata/GAP=39, appdata/PROC=13, timer=13}#mapStr={}
2020-05-15 16:00:48.041  INFO 12448 --- [Thread-10] util.Log                                 : 	 ***** COUNT #elapse=130  #gap=5         #count=70        #map={appdata/GAP=42, appdata/PROC=14, timer=14}#mapStr={}
2020-05-15 16:00:58.042  INFO 12448 --- [Thread-10] util.Log                                 : 	 ***** COUNT #elapse=140  #gap=5         #count=75        #map={appdata/GAP=45, appdata/PROC=15, timer=15}#mapStr={}
2020-05-15 16:01:08.043  INFO 12448 --- [Thread-10] util.Log                                 : 	 ***** COUNT #elapse=150  #gap=5         #count=80        #map={appdata/GAP=48, appdata/PROC=16, timer=16}#mapStr={}
2020-05-15 16:01:18.043  INFO 12448 --- [Thread-10] util.Log                                 : 	 ***** COUNT #elapse=160  #gap=5         #count=85        #map={appdata/GAP=51, appdata/PROC=17, timer=17}#mapStr={}
2020-05-15 16:01:22.814  INFO 12448 --- [http-nio-8080-exec-8] util.Log                                 : ------------------- hello start # default
2020-05-15 16:01:28.043  INFO 12448 --- [Thread-10] util.Log                                 : 	 ***** COUNT #elapse=170  #gap=5         #count=90        #map={appdata/GAP=54, appdata/PROC=18, timer=18}#mapStr={}
2020-05-15 16:01:38.043  INFO 12448 --- [Thread-10] util.Log                                 : 	 ***** COUNT #elapse=180  #gap=5         #count=95        #map={appdata/GAP=57, appdata/PROC=19, timer=19}#mapStr={}
2020-05-15 16:01:48.044  INFO 12448 --- [Thread-10] util.Log                                 : 	 ***** COUNT #elapse=190  #gap=5         #count=100       #map={appdata/GAP=60, appdata/PROC=20, timer=20}#mapStr={}
2020-05-15 16:01:49.070  INFO 12448 --- [http-nio-8080-exec-3] algo.dynamicsql.DynamicController        : ##### DEFAULT SQL - #driver=org.h2.Driver#sql=SELECT * FROM INFORMATION_SCHEMA.TABLES
2020-05-15 16:01:49.070  INFO 12448 --- [http-nio-8080-exec-3] algo.dynamicsql.DynamicController        : ======================= dynamicSelect START !! #rownum=5#sql=SELECT * FROM INFORMATION_SCHEMA.TABLES
2020-05-15 16:01:49.082  INFO 12448 --- [http-nio-8080-exec-3] algo.dynamicsql.DynamicService           : 	===== dynamicSelect START!! #sql=SELECT * FROM INFORMATION_SCHEMA.TABLES#bindingMap={}
2020-05-15 16:01:49.166  INFO 12448 --- [http-nio-8080-exec-3] algo.dynamicsql.DynamicService           : 	===== dynamicSelect createNativeQuery !! #list=5
2020-05-15 16:01:49.167  INFO 12448 --- [http-nio-8080-exec-3] algo.dynamicsql.DynamicController        : ======================= dynamicSelect START !! #rownum=5#result=5
2020-05-15 16:01:58.044  INFO 12448 --- [Thread-10] util.Log                                 : 	 ***** COUNT #elapse=200  #gap=5         #count=105       #map={appdata/GAP=63, appdata/PROC=21, timer=21}#mapStr={}
2020-05-15 16:02:08.045  INFO 12448 --- [Thread-10] util.Log                                 : 	 ***** COUNT #elapse=210  #gap=5         #count=110       #map={appdata/GAP=66, appdata/PROC=22, timer=22}#mapStr={}
2020-05-15 16:02:18.045  INFO 12448 --- [Thread-10] util.Log                                 : 	 ***** COUNT #elapse=220  #gap=5         #count=115       #map={appdata/GAP=69, appdata/PROC=23, timer=23}#mapStr={}
2020-05-15 16:02:28.046  INFO 12448 --- [Thread-10] util.Log                                 : 	 ***** COUNT #elapse=230  #gap=5         #count=120       #map={appdata/GAP=72, appdata/PROC=24, timer=24}#mapStr={}
2020-05-15 16:02:38.047  INFO 12448 --- [Thread-10] util.Log                                 : 	 ***** COUNT #elapse=240  #gap=5         #count=125       #map={appdata/GAP=75, appdata/PROC=25, timer=25}#mapStr={}
2020-05-15 16:02:48.047  INFO 12448 --- [Thread-10] util.Log                                 : 	 ***** COUNT #elapse=250  #gap=5         #count=130       #map={appdata/GAP=78, appdata/PROC=26, timer=26}#mapStr={}
2020-05-15 16:02:58.048  INFO 12448 --- [Thread-10] util.Log                                 : 	 ***** COUNT #elapse=260  #gap=5         #count=135       #map={appdata/GAP=81, appdata/PROC=27, timer=27}#mapStr={}
2020-05-15 16:03:08.050  INFO 12448 --- [Thread-10] util.Log                                 : 	 ***** COUNT #elapse=270  #gap=5         #count=140       #map={appdata/GAP=84, appdata/PROC=28, timer=28}#mapStr={}
2020-05-15 16:03:17.497  INFO 12448 --- [Thread-6] o.s.m.s.b.SimpleBrokerMessageHandler     : Stopping...
2020-05-15 16:03:17.498  INFO 12448 --- [Thread-6] o.s.m.s.b.SimpleBrokerMessageHandler     : BrokerAvailabilityEvent[available=false, SimpleBrokerMessageHandler [DefaultSubscriptionRegistry[cache[0 destination(s)], registry[0 sessions]]]]
2020-05-15 16:03:17.498  INFO 12448 --- [Thread-6] o.s.m.s.b.SimpleBrokerMessageHandler     : Stopped.
2020-05-15 16:03:17.503  INFO 12448 --- [Thread-6] o.s.s.concurrent.ThreadPoolTaskExecutor  : Shutting down ExecutorService 'brokerChannelExecutor'
2020-05-15 16:03:17.505  INFO 12448 --- [Thread-6] o.s.s.c.ThreadPoolTaskScheduler          : Shutting down ExecutorService 'messageBrokerTaskScheduler'
2020-05-15 16:03:17.512  INFO 12448 --- [Thread-6] o.s.s.concurrent.ThreadPoolTaskExecutor  : Shutting down ExecutorService 'clientOutboundChannelExecutor'
2020-05-15 16:03:17.512  INFO 12448 --- [Thread-6] o.s.s.concurrent.ThreadPoolTaskExecutor  : Shutting down ExecutorService 'clientInboundChannelExecutor'
2020-05-15 16:03:17.513  INFO 12448 --- [Thread-6] j.LocalContainerEntityManagerFactoryBean : Closing JPA EntityManagerFactory for persistence unit 'default'
2020-05-15 16:03:17.513  INFO 12448 --- [Thread-6] .SchemaDropperImpl$DelayedDropActionImpl : HHH000477: Starting delayed evictData of schema as part of SessionFactory shut-down'
2020-05-15 16:03:17.523  INFO 12448 --- [Thread-6] com.zaxxer.hikari.HikariDataSource       : HikariPool-1 - Shutdown initiated...
2020-05-15 16:03:17.578  INFO 12448 --- [Thread-6] com.zaxxer.hikari.HikariDataSource       : HikariPool-1 - Shutdown completed.
2020-05-15 16:03:18.681  INFO 12448 --- [restartedMain] algo.Application                         : Starting Application on epo-kwak with PID 12448 (D:\project\kwakNG\uiserver-ng-sboot-starter\uiserver-sboot\target\classes started by epozen in d:\project\kwakNG\uiserver-ng-sboot-starter\uiserver-sboot)
2020-05-15 16:03:18.681  INFO 12448 --- [restartedMain] algo.Application                         : No active profile set, falling back to default profiles: default
2020-05-15 16:03:19.443  INFO 12448 --- [restartedMain] .s.d.r.c.RepositoryConfigurationDelegate : Bootstrapping Spring Data JPA repositories in DEFAULT mode.
2020-05-15 16:03:19.452  INFO 12448 --- [restartedMain] .s.d.r.c.RepositoryConfigurationDelegate : Finished Spring Data repository scanning in 8ms. Found 0 JPA repository interfaces.
2020-05-15 16:03:19.828  INFO 12448 --- [restartedMain] o.s.b.w.embedded.tomcat.TomcatWebServer  : Tomcat initialized with port(s): 8080 (http)
2020-05-15 16:03:19.829  INFO 12448 --- [restartedMain] o.apache.catalina.core.StandardService   : Starting service [Tomcat]
2020-05-15 16:03:19.830  INFO 12448 --- [restartedMain] org.apache.catalina.core.StandardEngine  : Starting Servlet engine: [Apache Tomcat/9.0.33]
2020-05-15 16:03:19.892  INFO 12448 --- [restartedMain] o.a.c.c.C.[Tomcat].[localhost].[/]       : Initializing Spring embedded WebApplicationContext
2020-05-15 16:03:19.892  INFO 12448 --- [restartedMain] o.s.web.context.ContextLoader            : Root WebApplicationContext: initialization completed in 1205 ms
2020-05-15 16:03:19.947  INFO 12448 --- [restartedMain] com.zaxxer.hikari.HikariDataSource       : HikariPool-2 - Starting...
2020-05-15 16:03:24.515  INFO 12448 --- [restartedMain] com.zaxxer.hikari.HikariDataSource       : HikariPool-2 - Start completed.
2020-05-15 16:03:24.516  INFO 12448 --- [restartedMain] o.s.b.a.h2.H2ConsoleAutoConfiguration    : H2 console available at '/h2console'. Database available at 'jdbc:h2:file:d:/temp/h2db/h2testdb'
2020-05-15 16:03:24.629  INFO 12448 --- [restartedMain] o.hibernate.jpa.internal.util.LogHelper  : HHH000204: Processing PersistenceUnitInfo [name: default]
2020-05-15 16:03:24.637  INFO 12448 --- [restartedMain] org.hibernate.dialect.Dialect            : HHH000400: Using dialect: org.hibernate.dialect.H2Dialect
2020-05-15 16:03:24.654  INFO 12448 --- [restartedMain] o.h.e.t.j.p.i.JtaPlatformInitiator       : HHH000490: Using JtaPlatform implementation: [org.hibernate.engine.transaction.jta.platform.internal.NoJtaPlatform]
2020-05-15 16:03:24.655  INFO 12448 --- [restartedMain] j.LocalContainerEntityManagerFactoryBean : Initialized JPA EntityManagerFactory for persistence unit 'default'
2020-05-15 16:03:24.669  INFO 12448 --- [restartedMain] o.s.b.d.a.OptionalLiveReloadServer       : LiveReload server is running on port 35729
2020-05-15 16:03:24.723  INFO 12448 --- [restartedMain] o.s.s.concurrent.ThreadPoolTaskExecutor  : Initializing ExecutorService 'clientInboundChannelExecutor'
2020-05-15 16:03:24.725  INFO 12448 --- [restartedMain] o.s.s.concurrent.ThreadPoolTaskExecutor  : Initializing ExecutorService 'clientOutboundChannelExecutor'
2020-05-15 16:03:24.727  INFO 12448 --- [restartedMain] util.Log                                 : ------------------- configureMessageBroker start # org.springframework.messaging.simp.config.MessageBrokerRegistry@71a783b8
2020-05-15 16:03:24.844  WARN 12448 --- [restartedMain] JpaBaseConfiguration$JpaWebConfiguration : spring.jpa.open-in-view is enabled by default. Therefore, database queries may be performed during view rendering. Explicitly configure spring.jpa.open-in-view to disable this warning
2020-05-15 16:03:24.916  INFO 12448 --- [restartedMain] o.s.b.a.e.web.EndpointLinksResolver      : Exposing 2 endpoint(s) beneath base path '/actuator'
2020-05-15 16:03:24.968  INFO 12448 --- [restartedMain] pertySourcedRequestMappingHandlerMapping : Mapped URL path [/v2/api-docs] onto method [springfox.documentation.swagger2.web.Swagger2Controller#getDocumentation(String, HttpServletRequest)]
2020-05-15 16:03:24.976  INFO 12448 --- [restartedMain] o.s.s.c.ThreadPoolTaskScheduler          : Initializing ExecutorService 'messageBrokerTaskScheduler'
2020-05-15 16:03:24.977  INFO 12448 --- [restartedMain] util.Log                                 : ------------------- registerWebSocketHandlers start # org.springframework.web.socket.config.annotation.WebMvcStompEndpointRegistry@4f09f92c
2020-05-15 16:03:24.980  INFO 12448 --- [restartedMain] o.s.s.concurrent.ThreadPoolTaskExecutor  : Initializing ExecutorService 'brokerChannelExecutor'
2020-05-15 16:03:25.028  INFO 12448 --- [restartedMain] o.s.b.a.w.s.WelcomePageHandlerMapping    : Adding welcome page: class path resource [META-INF/resources/index.html]
2020-05-15 16:03:25.063  WARN 12448 --- [restartedMain] ion$DefaultTemplateResolverConfiguration : Cannot find template location: classpath:/templates/ (please add some templates or check your Thymeleaf configuration)
2020-05-15 16:03:25.181  INFO 12448 --- [restartedMain] d.s.w.p.DocumentationPluginsBootstrapper : Context refreshed
2020-05-15 16:03:25.182  INFO 12448 --- [restartedMain] d.s.w.p.DocumentationPluginsBootstrapper : Found 1 custom documentation plugin(s)
2020-05-15 16:03:25.193  INFO 12448 --- [restartedMain] s.d.s.w.s.ApiListingReferenceScanner     : Scanning for api listing references
2020-05-15 16:03:25.261  INFO 12448 --- [restartedMain] .d.s.w.r.o.CachingOperationNameGenerator : Generating unique operation named: handleUsingGET_1
2020-05-15 16:03:25.264  INFO 12448 --- [restartedMain] .d.s.w.r.o.CachingOperationNameGenerator : Generating unique operation named: handleUsingGET_2
2020-05-15 16:03:25.281  INFO 12448 --- [restartedMain] o.s.m.s.b.SimpleBrokerMessageHandler     : Starting...
2020-05-15 16:03:25.282  INFO 12448 --- [restartedMain] o.s.m.s.b.SimpleBrokerMessageHandler     : BrokerAvailabilityEvent[available=true, SimpleBrokerMessageHandler [DefaultSubscriptionRegistry[cache[0 destination(s)], registry[0 sessions]]]]
2020-05-15 16:03:25.283  INFO 12448 --- [restartedMain] o.s.m.s.b.SimpleBrokerMessageHandler     : Started.
2020-05-15 16:03:25.307  INFO 12448 --- [restartedMain] o.s.b.w.embedded.tomcat.TomcatWebServer  : Tomcat started on port(s): 8080 (http) with context path ''
2020-05-15 16:03:25.311  INFO 12448 --- [restartedMain] algo.Application                         : Started Application in 6.68 seconds (JVM running for 302.853)
2020-05-15 16:03:25.316  INFO 12448 --- [restartedMain] .ConditionEvaluationDeltaLoggingListener : Condition evaluation unchanged
2020-05-15 16:03:29.635  INFO 12448 --- [Thread-11] o.s.m.s.b.SimpleBrokerMessageHandler     : Stopping...
2020-05-15 16:03:29.636  INFO 12448 --- [Thread-11] o.s.m.s.b.SimpleBrokerMessageHandler     : BrokerAvailabilityEvent[available=false, SimpleBrokerMessageHandler [DefaultSubscriptionRegistry[cache[0 destination(s)], registry[0 sessions]]]]
2020-05-15 16:03:29.636  INFO 12448 --- [Thread-11] o.s.m.s.b.SimpleBrokerMessageHandler     : Stopped.
2020-05-15 16:03:29.638  INFO 12448 --- [Thread-11] o.s.s.concurrent.ThreadPoolTaskExecutor  : Shutting down ExecutorService 'brokerChannelExecutor'
2020-05-15 16:03:29.638  INFO 12448 --- [Thread-11] o.s.s.c.ThreadPoolTaskScheduler          : Shutting down ExecutorService 'messageBrokerTaskScheduler'
2020-05-15 16:03:29.641  INFO 12448 --- [Thread-11] o.s.s.concurrent.ThreadPoolTaskExecutor  : Shutting down ExecutorService 'clientOutboundChannelExecutor'
2020-05-15 16:03:29.641  INFO 12448 --- [Thread-11] o.s.s.concurrent.ThreadPoolTaskExecutor  : Shutting down ExecutorService 'clientInboundChannelExecutor'
2020-05-15 16:03:29.642  INFO 12448 --- [Thread-11] j.LocalContainerEntityManagerFactoryBean : Closing JPA EntityManagerFactory for persistence unit 'default'
2020-05-15 16:03:29.642  INFO 12448 --- [Thread-11] .SchemaDropperImpl$DelayedDropActionImpl : HHH000477: Starting delayed evictData of schema as part of SessionFactory shut-down'
2020-05-15 16:03:29.644  INFO 12448 --- [Thread-11] com.zaxxer.hikari.HikariDataSource       : HikariPool-2 - Shutdown initiated...
2020-05-15 16:03:29.968  INFO 12448 --- [Thread-11] com.zaxxer.hikari.HikariDataSource       : HikariPool-2 - Shutdown completed.
2020-05-15 16:03:31.140  INFO 12448 --- [restartedMain] algo.Application                         : Starting Application on epo-kwak with PID 12448 (D:\project\kwakNG\uiserver-ng-sboot-starter\uiserver-sboot\target\classes started by epozen in d:\project\kwakNG\uiserver-ng-sboot-starter\uiserver-sboot)
2020-05-15 16:03:31.140  INFO 12448 --- [restartedMain] algo.Application                         : No active profile set, falling back to default profiles: default
2020-05-15 16:03:31.751  INFO 12448 --- [restartedMain] .s.d.r.c.RepositoryConfigurationDelegate : Bootstrapping Spring Data JPA repositories in DEFAULT mode.
2020-05-15 16:03:31.759  INFO 12448 --- [restartedMain] .s.d.r.c.RepositoryConfigurationDelegate : Finished Spring Data repository scanning in 7ms. Found 0 JPA repository interfaces.
2020-05-15 16:03:32.044  INFO 12448 --- [restartedMain] o.s.b.w.embedded.tomcat.TomcatWebServer  : Tomcat initialized with port(s): 8080 (http)
2020-05-15 16:03:32.045  INFO 12448 --- [restartedMain] o.apache.catalina.core.StandardService   : Starting service [Tomcat]
2020-05-15 16:03:32.045  INFO 12448 --- [restartedMain] org.apache.catalina.core.StandardEngine  : Starting Servlet engine: [Apache Tomcat/9.0.33]
2020-05-15 16:03:32.078  INFO 12448 --- [restartedMain] o.a.c.c.C.[Tomcat].[localhost].[/]       : Initializing Spring embedded WebApplicationContext
2020-05-15 16:03:32.078  INFO 12448 --- [restartedMain] o.s.web.context.ContextLoader            : Root WebApplicationContext: initialization completed in 934 ms
2020-05-15 16:03:32.116  INFO 12448 --- [restartedMain] com.zaxxer.hikari.HikariDataSource       : HikariPool-3 - Starting...
2020-05-15 16:03:35.309  INFO 12448 --- [Thread-16] util.Log                                 : 	 ***** COUNT #elapse=10   #gap=5         #count=5         #map={appdata/GAP=3, appdata/PROC=1, timer=1}#mapStr={}
2020-05-15 16:03:36.699  INFO 12448 --- [restartedMain] com.zaxxer.hikari.HikariDataSource       : HikariPool-3 - Start completed.
2020-05-15 16:03:36.700  INFO 12448 --- [restartedMain] o.s.b.a.h2.H2ConsoleAutoConfiguration    : H2 console available at '/h2console'. Database available at 'jdbc:h2:file:d:/temp/h2db/h2testdb'
2020-05-15 16:03:36.785  INFO 12448 --- [restartedMain] o.hibernate.jpa.internal.util.LogHelper  : HHH000204: Processing PersistenceUnitInfo [name: default]
2020-05-15 16:03:36.790  INFO 12448 --- [restartedMain] org.hibernate.dialect.Dialect            : HHH000400: Using dialect: org.hibernate.dialect.H2Dialect
2020-05-15 16:03:36.806  INFO 12448 --- [restartedMain] o.h.e.t.j.p.i.JtaPlatformInitiator       : HHH000490: Using JtaPlatform implementation: [org.hibernate.engine.transaction.jta.platform.internal.NoJtaPlatform]
2020-05-15 16:03:36.806  INFO 12448 --- [restartedMain] j.LocalContainerEntityManagerFactoryBean : Initialized JPA EntityManagerFactory for persistence unit 'default'
2020-05-15 16:03:36.822  INFO 12448 --- [restartedMain] o.s.b.d.a.OptionalLiveReloadServer       : LiveReload server is running on port 35729
2020-05-15 16:03:36.865  INFO 12448 --- [restartedMain] o.s.s.concurrent.ThreadPoolTaskExecutor  : Initializing ExecutorService 'clientInboundChannelExecutor'
2020-05-15 16:03:36.867  INFO 12448 --- [restartedMain] o.s.s.concurrent.ThreadPoolTaskExecutor  : Initializing ExecutorService 'clientOutboundChannelExecutor'
2020-05-15 16:03:36.869  INFO 12448 --- [restartedMain] util.Log                                 : ------------------- configureMessageBroker start # org.springframework.messaging.simp.config.MessageBrokerRegistry@5f2f7b1f
2020-05-15 16:03:36.959  WARN 12448 --- [restartedMain] JpaBaseConfiguration$JpaWebConfiguration : spring.jpa.open-in-view is enabled by default. Therefore, database queries may be performed during view rendering. Explicitly configure spring.jpa.open-in-view to disable this warning
2020-05-15 16:03:37.015  INFO 12448 --- [restartedMain] o.s.b.a.e.web.EndpointLinksResolver      : Exposing 2 endpoint(s) beneath base path '/actuator'
2020-05-15 16:03:37.048  INFO 12448 --- [restartedMain] pertySourcedRequestMappingHandlerMapping : Mapped URL path [/v2/api-docs] onto method [springfox.documentation.swagger2.web.Swagger2Controller#getDocumentation(String, HttpServletRequest)]
2020-05-15 16:03:37.054  INFO 12448 --- [restartedMain] o.s.s.c.ThreadPoolTaskScheduler          : Initializing ExecutorService 'messageBrokerTaskScheduler'
2020-05-15 16:03:37.055  INFO 12448 --- [restartedMain] util.Log                                 : ------------------- registerWebSocketHandlers start # org.springframework.web.socket.config.annotation.WebMvcStompEndpointRegistry@523ba060
2020-05-15 16:03:37.058  INFO 12448 --- [restartedMain] o.s.s.concurrent.ThreadPoolTaskExecutor  : Initializing ExecutorService 'brokerChannelExecutor'
2020-05-15 16:03:37.106  INFO 12448 --- [restartedMain] o.s.b.a.w.s.WelcomePageHandlerMapping    : Adding welcome page: class path resource [META-INF/resources/index.html]
2020-05-15 16:03:37.134  WARN 12448 --- [restartedMain] ion$DefaultTemplateResolverConfiguration : Cannot find template location: classpath:/templates/ (please add some templates or check your Thymeleaf configuration)
2020-05-15 16:03:37.220  INFO 12448 --- [restartedMain] d.s.w.p.DocumentationPluginsBootstrapper : Context refreshed
2020-05-15 16:03:37.221  INFO 12448 --- [restartedMain] d.s.w.p.DocumentationPluginsBootstrapper : Found 1 custom documentation plugin(s)
2020-05-15 16:03:37.228  INFO 12448 --- [restartedMain] s.d.s.w.s.ApiListingReferenceScanner     : Scanning for api listing references
2020-05-15 16:03:37.288  INFO 12448 --- [restartedMain] .d.s.w.r.o.CachingOperationNameGenerator : Generating unique operation named: handleUsingGET_1
2020-05-15 16:03:37.291  INFO 12448 --- [restartedMain] .d.s.w.r.o.CachingOperationNameGenerator : Generating unique operation named: handleUsingGET_2
2020-05-15 16:03:37.305  INFO 12448 --- [restartedMain] o.s.m.s.b.SimpleBrokerMessageHandler     : Starting...
2020-05-15 16:03:37.305  INFO 12448 --- [restartedMain] o.s.m.s.b.SimpleBrokerMessageHandler     : BrokerAvailabilityEvent[available=true, SimpleBrokerMessageHandler [DefaultSubscriptionRegistry[cache[0 destination(s)], registry[0 sessions]]]]
2020-05-15 16:03:37.306  INFO 12448 --- [restartedMain] o.s.m.s.b.SimpleBrokerMessageHandler     : Started.
2020-05-15 16:03:37.323  INFO 12448 --- [restartedMain] o.s.b.w.embedded.tomcat.TomcatWebServer  : Tomcat started on port(s): 8080 (http) with context path ''
2020-05-15 16:03:37.324  INFO 12448 --- [restartedMain] algo.Application                         : Started Application in 6.222 seconds (JVM running for 314.865)
2020-05-15 16:03:37.327  INFO 12448 --- [restartedMain] .ConditionEvaluationDeltaLoggingListener : Condition evaluation unchanged
2020-05-15 16:03:47.324  INFO 12448 --- [Thread-22] util.Log                                 : 	 ***** COUNT #elapse=10   #gap=10        #count=10        #map={appdata/GAP=6, appdata/PROC=2, timer=2}#mapStr={}
2020-05-15 16:03:57.324  INFO 12448 --- [Thread-22] util.Log                                 : 	 ***** COUNT #elapse=20   #gap=5         #count=15        #map={appdata/GAP=9, appdata/PROC=3, timer=3}#mapStr={}
2020-05-15 16:04:07.325  INFO 12448 --- [Thread-22] util.Log                                 : 	 ***** COUNT #elapse=30   #gap=5         #count=20        #map={appdata/GAP=12, appdata/PROC=4, timer=4}#mapStr={}
2020-05-15 16:04:17.325  INFO 12448 --- [Thread-22] util.Log                                 : 	 ***** COUNT #elapse=40   #gap=5         #count=25        #map={appdata/GAP=15, appdata/PROC=5, timer=5}#mapStr={}
2020-05-15 16:04:27.325  INFO 12448 --- [Thread-22] util.Log                                 : 	 ***** COUNT #elapse=50   #gap=5         #count=30        #map={appdata/GAP=18, appdata/PROC=6, timer=6}#mapStr={}
2020-05-15 16:04:36.165  INFO 12448 --- [Thread-17] o.s.m.s.b.SimpleBrokerMessageHandler     : Stopping...
2020-05-15 16:04:36.165  INFO 12448 --- [Thread-17] o.s.m.s.b.SimpleBrokerMessageHandler     : BrokerAvailabilityEvent[available=false, SimpleBrokerMessageHandler [DefaultSubscriptionRegistry[cache[0 destination(s)], registry[0 sessions]]]]
2020-05-15 16:04:36.166  INFO 12448 --- [Thread-17] o.s.m.s.b.SimpleBrokerMessageHandler     : Stopped.
2020-05-15 16:04:36.167  INFO 12448 --- [Thread-17] o.s.s.concurrent.ThreadPoolTaskExecutor  : Shutting down ExecutorService 'brokerChannelExecutor'
2020-05-15 16:04:36.167  INFO 12448 --- [Thread-17] o.s.s.c.ThreadPoolTaskScheduler          : Shutting down ExecutorService 'messageBrokerTaskScheduler'
2020-05-15 16:04:36.170  INFO 12448 --- [Thread-17] o.s.s.concurrent.ThreadPoolTaskExecutor  : Shutting down ExecutorService 'clientOutboundChannelExecutor'
2020-05-15 16:04:36.170  INFO 12448 --- [Thread-17] o.s.s.concurrent.ThreadPoolTaskExecutor  : Shutting down ExecutorService 'clientInboundChannelExecutor'
2020-05-15 16:04:36.170  INFO 12448 --- [Thread-17] j.LocalContainerEntityManagerFactoryBean : Closing JPA EntityManagerFactory for persistence unit 'default'
2020-05-15 16:04:36.171  INFO 12448 --- [Thread-17] .SchemaDropperImpl$DelayedDropActionImpl : HHH000477: Starting delayed evictData of schema as part of SessionFactory shut-down'
2020-05-15 16:04:36.172  INFO 12448 --- [Thread-17] com.zaxxer.hikari.HikariDataSource       : HikariPool-3 - Shutdown initiated...
2020-05-15 16:04:36.415  INFO 12448 --- [Thread-17] com.zaxxer.hikari.HikariDataSource       : HikariPool-3 - Shutdown completed.
2020-05-15 16:04:37.500  INFO 12448 --- [restartedMain] algo.Application                         : Starting Application on epo-kwak with PID 12448 (D:\project\kwakNG\uiserver-ng-sboot-starter\uiserver-sboot\target\classes started by epozen in d:\project\kwakNG\uiserver-ng-sboot-starter\uiserver-sboot)
2020-05-15 16:04:37.500  INFO 12448 --- [restartedMain] algo.Application                         : No active profile set, falling back to default profiles: default
2020-05-15 16:04:38.067  INFO 12448 --- [restartedMain] .s.d.r.c.RepositoryConfigurationDelegate : Bootstrapping Spring Data JPA repositories in DEFAULT mode.
2020-05-15 16:04:38.074  INFO 12448 --- [restartedMain] .s.d.r.c.RepositoryConfigurationDelegate : Finished Spring Data repository scanning in 7ms. Found 0 JPA repository interfaces.
2020-05-15 16:04:38.339  INFO 12448 --- [restartedMain] o.s.b.w.embedded.tomcat.TomcatWebServer  : Tomcat initialized with port(s): 8080 (http)
2020-05-15 16:04:38.340  INFO 12448 --- [restartedMain] o.apache.catalina.core.StandardService   : Starting service [Tomcat]
2020-05-15 16:04:38.340  INFO 12448 --- [restartedMain] org.apache.catalina.core.StandardEngine  : Starting Servlet engine: [Apache Tomcat/9.0.33]
2020-05-15 16:04:38.372  INFO 12448 --- [restartedMain] o.a.c.c.C.[Tomcat].[localhost].[/]       : Initializing Spring embedded WebApplicationContext
2020-05-15 16:04:38.372  INFO 12448 --- [restartedMain] o.s.web.context.ContextLoader            : Root WebApplicationContext: initialization completed in 869 ms
2020-05-15 16:04:38.403  INFO 12448 --- [restartedMain] com.zaxxer.hikari.HikariDataSource       : HikariPool-4 - Starting...
2020-05-15 16:04:42.970  INFO 12448 --- [restartedMain] com.zaxxer.hikari.HikariDataSource       : HikariPool-4 - Start completed.
2020-05-15 16:04:42.970  INFO 12448 --- [restartedMain] o.s.b.a.h2.H2ConsoleAutoConfiguration    : H2 console available at '/h2console'. Database available at 'jdbc:h2:file:d:/temp/h2db/h2testdb'
2020-05-15 16:04:43.042  INFO 12448 --- [restartedMain] o.hibernate.jpa.internal.util.LogHelper  : HHH000204: Processing PersistenceUnitInfo [name: default]
2020-05-15 16:04:43.047  INFO 12448 --- [restartedMain] org.hibernate.dialect.Dialect            : HHH000400: Using dialect: org.hibernate.dialect.H2Dialect
2020-05-15 16:04:43.061  INFO 12448 --- [restartedMain] o.h.e.t.j.p.i.JtaPlatformInitiator       : HHH000490: Using JtaPlatform implementation: [org.hibernate.engine.transaction.jta.platform.internal.NoJtaPlatform]
2020-05-15 16:04:43.061  INFO 12448 --- [restartedMain] j.LocalContainerEntityManagerFactoryBean : Initialized JPA EntityManagerFactory for persistence unit 'default'
2020-05-15 16:04:43.072  INFO 12448 --- [restartedMain] o.s.b.d.a.OptionalLiveReloadServer       : LiveReload server is running on port 35729
2020-05-15 16:04:43.109  INFO 12448 --- [restartedMain] o.s.s.concurrent.ThreadPoolTaskExecutor  : Initializing ExecutorService 'clientInboundChannelExecutor'
2020-05-15 16:04:43.111  INFO 12448 --- [restartedMain] o.s.s.concurrent.ThreadPoolTaskExecutor  : Initializing ExecutorService 'clientOutboundChannelExecutor'
2020-05-15 16:04:43.112  INFO 12448 --- [restartedMain] util.Log                                 : ------------------- configureMessageBroker start # org.springframework.messaging.simp.config.MessageBrokerRegistry@96dd1fc
2020-05-15 16:04:43.203  WARN 12448 --- [restartedMain] JpaBaseConfiguration$JpaWebConfiguration : spring.jpa.open-in-view is enabled by default. Therefore, database queries may be performed during view rendering. Explicitly configure spring.jpa.open-in-view to disable this warning
2020-05-15 16:04:43.268  INFO 12448 --- [restartedMain] o.s.b.a.e.web.EndpointLinksResolver      : Exposing 2 endpoint(s) beneath base path '/actuator'
2020-05-15 16:04:43.324  INFO 12448 --- [restartedMain] pertySourcedRequestMappingHandlerMapping : Mapped URL path [/v2/api-docs] onto method [springfox.documentation.swagger2.web.Swagger2Controller#getDocumentation(String, HttpServletRequest)]
2020-05-15 16:04:43.332  INFO 12448 --- [restartedMain] o.s.s.c.ThreadPoolTaskScheduler          : Initializing ExecutorService 'messageBrokerTaskScheduler'
2020-05-15 16:04:43.333  INFO 12448 --- [restartedMain] util.Log                                 : ------------------- registerWebSocketHandlers start # org.springframework.web.socket.config.annotation.WebMvcStompEndpointRegistry@10484b25
2020-05-15 16:04:43.337  INFO 12448 --- [restartedMain] o.s.s.concurrent.ThreadPoolTaskExecutor  : Initializing ExecutorService 'brokerChannelExecutor'
2020-05-15 16:04:43.398  INFO 12448 --- [restartedMain] o.s.b.a.w.s.WelcomePageHandlerMapping    : Adding welcome page: class path resource [META-INF/resources/index.html]
2020-05-15 16:04:43.432  WARN 12448 --- [restartedMain] ion$DefaultTemplateResolverConfiguration : Cannot find template location: classpath:/templates/ (please add some templates or check your Thymeleaf configuration)
2020-05-15 16:04:43.523  INFO 12448 --- [restartedMain] d.s.w.p.DocumentationPluginsBootstrapper : Context refreshed
2020-05-15 16:04:43.525  INFO 12448 --- [restartedMain] d.s.w.p.DocumentationPluginsBootstrapper : Found 1 custom documentation plugin(s)
2020-05-15 16:04:43.531  INFO 12448 --- [restartedMain] s.d.s.w.s.ApiListingReferenceScanner     : Scanning for api listing references
2020-05-15 16:04:43.582  INFO 12448 --- [restartedMain] .d.s.w.r.o.CachingOperationNameGenerator : Generating unique operation named: handleUsingGET_1
2020-05-15 16:04:43.584  INFO 12448 --- [restartedMain] .d.s.w.r.o.CachingOperationNameGenerator : Generating unique operation named: handleUsingGET_2
2020-05-15 16:04:43.597  INFO 12448 --- [restartedMain] o.s.m.s.b.SimpleBrokerMessageHandler     : Starting...
2020-05-15 16:04:43.597  INFO 12448 --- [restartedMain] o.s.m.s.b.SimpleBrokerMessageHandler     : BrokerAvailabilityEvent[available=true, SimpleBrokerMessageHandler [DefaultSubscriptionRegistry[cache[0 destination(s)], registry[0 sessions]]]]
2020-05-15 16:04:43.598  INFO 12448 --- [restartedMain] o.s.m.s.b.SimpleBrokerMessageHandler     : Started.
2020-05-15 16:04:43.614  INFO 12448 --- [restartedMain] o.s.b.w.embedded.tomcat.TomcatWebServer  : Tomcat started on port(s): 8080 (http) with context path ''
2020-05-15 16:04:43.615  INFO 12448 --- [restartedMain] algo.Application                         : Started Application in 6.154 seconds (JVM running for 381.157)
2020-05-15 16:04:43.618  INFO 12448 --- [restartedMain] .ConditionEvaluationDeltaLoggingListener : Condition evaluation unchanged
2020-05-15 16:04:43.803  INFO 12448 --- [http-nio-8080-exec-1] o.a.c.c.C.[Tomcat].[localhost].[/]       : Initializing Spring DispatcherServlet 'dispatcherServlet'
2020-05-15 16:04:43.804  INFO 12448 --- [http-nio-8080-exec-1] o.s.web.servlet.DispatcherServlet        : Initializing Servlet 'dispatcherServlet'
2020-05-15 16:04:43.810  INFO 12448 --- [http-nio-8080-exec-1] o.s.web.servlet.DispatcherServlet        : Completed initialization in 6 ms
2020-05-15 16:04:51.457  INFO 12448 --- [http-nio-8080-exec-10] util.Log                                 : ------------------- hello start # default
2020-05-15 16:04:53.617  INFO 12448 --- [Thread-28] util.Log                                 : 	 ***** COUNT #elapse=10   #gap=10        #count=10        #map={appdata/GAP=6, appdata/PROC=2, timer=2}#mapStr={}
2020-05-15 16:05:03.617  INFO 12448 --- [Thread-28] util.Log                                 : 	 ***** COUNT #elapse=20   #gap=5         #count=15        #map={appdata/GAP=9, appdata/PROC=3, timer=3}#mapStr={}
2020-05-15 16:05:13.618  INFO 12448 --- [Thread-28] util.Log                                 : 	 ***** COUNT #elapse=30   #gap=5         #count=20        #map={appdata/GAP=12, appdata/PROC=4, timer=4}#mapStr={}
2020-05-15 16:05:23.618  INFO 12448 --- [Thread-28] util.Log                                 : 	 ***** COUNT #elapse=40   #gap=5         #count=25        #map={appdata/GAP=15, appdata/PROC=5, timer=5}#mapStr={}
2020-05-15 16:05:33.618  INFO 12448 --- [Thread-28] util.Log                                 : 	 ***** COUNT #elapse=50   #gap=5         #count=30        #map={appdata/GAP=18, appdata/PROC=6, timer=6}#mapStr={}
2020-05-15 16:05:43.338  INFO 12448 --- [MessageBroker-3] o.s.w.s.c.WebSocketMessageBrokerStats    : WebSocketSession[0 current WS(0)-HttpStream(0)-HttpPoll(0), 0 total, 0 closed abnormally (0 connect failure, 0 send limit, 0 transport error)], stompSubProtocol[processed CONNECT(0)-CONNECTED(0)-DISCONNECT(0)], stompBrokerRelay[null], inboundChannel[pool size = 0, active threads = 0, queued tasks = 0, completed tasks = 0], outboundChannel[pool size = 0, active threads = 0, queued tasks = 0, completed tasks = 0], sockJsScheduler[pool size = 8, active threads = 1, queued tasks = 1, completed tasks = 6]
2020-05-15 16:05:43.619  INFO 12448 --- [Thread-28] util.Log                                 : 	 ***** COUNT #elapse=60   #gap=5         #count=35        #map={appdata/GAP=21, appdata/PROC=7, timer=7}#mapStr={}
2020-05-15 16:05:53.619  INFO 12448 --- [Thread-28] util.Log                                 : 	 ***** COUNT #elapse=70   #gap=5         #count=40        #map={appdata/GAP=24, appdata/PROC=8, timer=8}#mapStr={}
2020-05-15 16:06:03.620  INFO 12448 --- [Thread-28] util.Log                                 : 	 ***** COUNT #elapse=80   #gap=5         #count=45        #map={appdata/GAP=27, appdata/PROC=9, timer=9}#mapStr={}
2020-05-15 16:06:13.621  INFO 12448 --- [Thread-28] util.Log                                 : 	 ***** COUNT #elapse=90   #gap=5         #count=50        #map={appdata/GAP=30, appdata/PROC=10, timer=10}#mapStr={}
2020-05-15 16:06:23.622  INFO 12448 --- [Thread-28] util.Log                                 : 	 ***** COUNT #elapse=100  #gap=5         #count=55        #map={appdata/GAP=33, appdata/PROC=11, timer=11}#mapStr={}
2020-05-15 16:06:33.622  INFO 12448 --- [Thread-28] util.Log                                 : 	 ***** COUNT #elapse=110  #gap=5         #count=60        #map={appdata/GAP=36, appdata/PROC=12, timer=12}#mapStr={}
2020-05-15 16:06:43.623  INFO 12448 --- [Thread-28] util.Log                                 : 	 ***** COUNT #elapse=120  #gap=5         #count=65        #map={appdata/GAP=39, appdata/PROC=13, timer=13}#mapStr={}
2020-05-15 16:06:53.642  INFO 12448 --- [Thread-28] util.Log                                 : 	 ***** COUNT #elapse=130  #gap=5         #count=70        #map={appdata/GAP=42, appdata/PROC=14, timer=14}#mapStr={}
2020-05-15 16:07:03.643  INFO 12448 --- [Thread-28] util.Log                                 : 	 ***** COUNT #elapse=140  #gap=5         #count=75        #map={appdata/GAP=45, appdata/PROC=15, timer=15}#mapStr={}
2020-05-15 16:07:13.643  INFO 12448 --- [Thread-28] util.Log                                 : 	 ***** COUNT #elapse=150  #gap=5         #count=80        #map={appdata/GAP=48, appdata/PROC=16, timer=16}#mapStr={}
2020-05-15 16:07:23.644  INFO 12448 --- [Thread-28] util.Log                                 : 	 ***** COUNT #elapse=160  #gap=5         #count=85        #map={appdata/GAP=51, appdata/PROC=17, timer=17}#mapStr={}
2020-05-15 16:07:33.644  INFO 12448 --- [Thread-28] util.Log                                 : 	 ***** COUNT #elapse=170  #gap=5         #count=90        #map={appdata/GAP=54, appdata/PROC=18, timer=18}#mapStr={}
2020-05-15 16:07:43.644  INFO 12448 --- [Thread-28] util.Log                                 : 	 ***** COUNT #elapse=180  #gap=5         #count=95        #map={appdata/GAP=57, appdata/PROC=19, timer=19}#mapStr={}
2020-05-15 16:07:53.645  INFO 12448 --- [Thread-28] util.Log                                 : 	 ***** COUNT #elapse=190  #gap=5         #count=100       #map={appdata/GAP=60, appdata/PROC=20, timer=20}#mapStr={}
2020-05-15 16:08:03.645  INFO 12448 --- [Thread-28] util.Log                                 : 	 ***** COUNT #elapse=200  #gap=5         #count=105       #map={appdata/GAP=63, appdata/PROC=21, timer=21}#mapStr={}
2020-05-15 16:08:13.645  INFO 12448 --- [Thread-28] util.Log                                 : 	 ***** COUNT #elapse=210  #gap=5         #count=110       #map={appdata/GAP=66, appdata/PROC=22, timer=22}#mapStr={}
2020-05-15 16:08:23.646  INFO 12448 --- [Thread-28] util.Log                                 : 	 ***** COUNT #elapse=220  #gap=5         #count=115       #map={appdata/GAP=69, appdata/PROC=23, timer=23}#mapStr={}
2020-05-15 16:08:33.647  INFO 12448 --- [Thread-28] util.Log                                 : 	 ***** COUNT #elapse=230  #gap=5         #count=120       #map={appdata/GAP=72, appdata/PROC=24, timer=24}#mapStr={}
2020-05-15 16:08:43.648  INFO 12448 --- [Thread-28] util.Log                                 : 	 ***** COUNT #elapse=240  #gap=5         #count=125       #map={appdata/GAP=75, appdata/PROC=25, timer=25}#mapStr={}
2020-05-15 16:08:53.649  INFO 12448 --- [Thread-28] util.Log                                 : 	 ***** COUNT #elapse=250  #gap=5         #count=130       #map={appdata/GAP=78, appdata/PROC=26, timer=26}#mapStr={}
2020-05-15 16:09:03.649  INFO 12448 --- [Thread-28] util.Log                                 : 	 ***** COUNT #elapse=260  #gap=5         #count=135       #map={appdata/GAP=81, appdata/PROC=27, timer=27}#mapStr={}
2020-05-15 16:09:13.649  INFO 12448 --- [Thread-28] util.Log                                 : 	 ***** COUNT #elapse=270  #gap=5         #count=140       #map={appdata/GAP=84, appdata/PROC=28, timer=28}#mapStr={}
2020-05-15 16:09:23.649  INFO 12448 --- [Thread-28] util.Log                                 : 	 ***** COUNT #elapse=280  #gap=5         #count=145       #map={appdata/GAP=87, appdata/PROC=29, timer=29}#mapStr={}
2020-05-15 16:09:33.649  INFO 12448 --- [Thread-28] util.Log                                 : 	 ***** COUNT #elapse=290  #gap=5         #count=150       #map={appdata/GAP=90, appdata/PROC=30, timer=30}#mapStr={}
2020-05-15 16:09:43.649  INFO 12448 --- [Thread-28] util.Log                                 : 	 ***** COUNT #elapse=300  #gap=5         #count=155       #map={appdata/GAP=93, appdata/PROC=31, timer=31}#mapStr={}
2020-05-15 16:09:53.649  INFO 12448 --- [Thread-28] util.Log                                 : 	 ***** COUNT #elapse=310  #gap=5         #count=160       #map={appdata/GAP=96, appdata/PROC=32, timer=32}#mapStr={}
2020-05-15 16:10:03.650  INFO 12448 --- [Thread-28] util.Log                                 : 	 ***** COUNT #elapse=320  #gap=5         #count=165       #map={appdata/GAP=99, appdata/PROC=33, timer=33}#mapStr={}
2020-05-15 16:10:13.650  INFO 12448 --- [Thread-28] util.Log                                 : 	 ***** COUNT #elapse=330  #gap=5         #count=170       #map={appdata/GAP=102, appdata/PROC=34, timer=34}#mapStr={}
2020-05-15 16:10:23.650  INFO 12448 --- [Thread-28] util.Log                                 : 	 ***** COUNT #elapse=340  #gap=5         #count=175       #map={appdata/GAP=105, appdata/PROC=35, timer=35}#mapStr={}
2020-05-15 16:10:33.651  INFO 12448 --- [Thread-28] util.Log                                 : 	 ***** COUNT #elapse=350  #gap=5         #count=180       #map={appdata/GAP=108, appdata/PROC=36, timer=36}#mapStr={}
2020-05-15 16:10:43.652  INFO 12448 --- [Thread-28] util.Log                                 : 	 ***** COUNT #elapse=360  #gap=5         #count=185       #map={appdata/GAP=111, appdata/PROC=37, timer=37}#mapStr={}
2020-05-15 16:10:53.653  INFO 12448 --- [Thread-28] util.Log                                 : 	 ***** COUNT #elapse=370  #gap=5         #count=190       #map={appdata/GAP=114, appdata/PROC=38, timer=38}#mapStr={}
2020-05-15 16:11:03.655  INFO 12448 --- [Thread-28] util.Log                                 : 	 ***** COUNT #elapse=380  #gap=5         #count=195       #map={appdata/GAP=117, appdata/PROC=39, timer=39}#mapStr={}
2020-05-15 16:11:13.656  INFO 12448 --- [Thread-28] util.Log                                 : 	 ***** COUNT #elapse=390  #gap=5         #count=200       #map={appdata/GAP=120, appdata/PROC=40, timer=40}#mapStr={}
2020-05-15 16:11:23.656  INFO 12448 --- [Thread-28] util.Log                                 : 	 ***** COUNT #elapse=400  #gap=5         #count=205       #map={appdata/GAP=123, appdata/PROC=41, timer=41}#mapStr={}
2020-05-15 16:11:33.656  INFO 12448 --- [Thread-28] util.Log                                 : 	 ***** COUNT #elapse=410  #gap=5         #count=210       #map={appdata/GAP=126, appdata/PROC=42, timer=42}#mapStr={}
2020-05-15 16:11:43.657  INFO 12448 --- [Thread-28] util.Log                                 : 	 ***** COUNT #elapse=420  #gap=5         #count=215       #map={appdata/GAP=129, appdata/PROC=43, timer=43}#mapStr={}
2020-05-15 16:11:53.657  INFO 12448 --- [Thread-28] util.Log                                 : 	 ***** COUNT #elapse=430  #gap=5         #count=220       #map={appdata/GAP=132, appdata/PROC=44, timer=44}#mapStr={}
2020-05-15 16:12:03.658  INFO 12448 --- [Thread-28] util.Log                                 : 	 ***** COUNT #elapse=440  #gap=5         #count=225       #map={appdata/GAP=135, appdata/PROC=45, timer=45}#mapStr={}
2020-05-15 16:12:13.659  INFO 12448 --- [Thread-28] util.Log                                 : 	 ***** COUNT #elapse=450  #gap=5         #count=230       #map={appdata/GAP=138, appdata/PROC=46, timer=46}#mapStr={}
2020-05-15 16:12:23.659  INFO 12448 --- [Thread-28] util.Log                                 : 	 ***** COUNT #elapse=460  #gap=5         #count=235       #map={appdata/GAP=141, appdata/PROC=47, timer=47}#mapStr={}
2020-05-15 16:12:33.660  INFO 12448 --- [Thread-28] util.Log                                 : 	 ***** COUNT #elapse=470  #gap=5         #count=240       #map={appdata/GAP=144, appdata/PROC=48, timer=48}#mapStr={}
2020-05-15 16:12:43.661  INFO 12448 --- [Thread-28] util.Log                                 : 	 ***** COUNT #elapse=480  #gap=5         #count=245       #map={appdata/GAP=147, appdata/PROC=49, timer=49}#mapStr={}
2020-05-15 16:12:53.661  INFO 12448 --- [Thread-28] util.Log                                 : 	 ***** COUNT #elapse=490  #gap=5         #count=250       #map={appdata/GAP=150, appdata/PROC=50, timer=50}#mapStr={}
2020-05-15 16:13:03.662  INFO 12448 --- [Thread-28] util.Log                                 : 	 ***** COUNT #elapse=500  #gap=5         #count=255       #map={appdata/GAP=153, appdata/PROC=51, timer=51}#mapStr={}
2020-05-15 16:13:13.662  INFO 12448 --- [Thread-28] util.Log                                 : 	 ***** COUNT #elapse=510  #gap=5         #count=260       #map={appdata/GAP=156, appdata/PROC=52, timer=52}#mapStr={}
2020-05-15 16:13:23.662  INFO 12448 --- [Thread-28] util.Log                                 : 	 ***** COUNT #elapse=520  #gap=5         #count=265       #map={appdata/GAP=159, appdata/PROC=53, timer=53}#mapStr={}
2020-05-15 16:13:33.662  INFO 12448 --- [Thread-28] util.Log                                 : 	 ***** COUNT #elapse=530  #gap=5         #count=270       #map={appdata/GAP=162, appdata/PROC=54, timer=54}#mapStr={}
2020-05-15 16:13:43.662  INFO 12448 --- [Thread-28] util.Log                                 : 	 ***** COUNT #elapse=540  #gap=5         #count=275       #map={appdata/GAP=165, appdata/PROC=55, timer=55}#mapStr={}
2020-05-15 16:13:53.663  INFO 12448 --- [Thread-28] util.Log                                 : 	 ***** COUNT #elapse=550  #gap=5         #count=280       #map={appdata/GAP=168, appdata/PROC=56, timer=56}#mapStr={}
2020-05-15 16:14:03.663  INFO 12448 --- [Thread-28] util.Log                                 : 	 ***** COUNT #elapse=560  #gap=5         #count=285       #map={appdata/GAP=171, appdata/PROC=57, timer=57}#mapStr={}
2020-05-15 16:14:13.664  INFO 12448 --- [Thread-28] util.Log                                 : 	 ***** COUNT #elapse=570  #gap=5         #count=290       #map={appdata/GAP=174, appdata/PROC=58, timer=58}#mapStr={}
2020-05-15 16:14:23.664  INFO 12448 --- [Thread-28] util.Log                                 : 	 ***** COUNT #elapse=580  #gap=5         #count=295       #map={appdata/GAP=177, appdata/PROC=59, timer=59}#mapStr={}
2020-05-15 16:14:33.665  INFO 12448 --- [Thread-28] util.Log                                 : 	 ***** COUNT #elapse=590  #gap=5         #count=300       #map={appdata/GAP=180, appdata/PROC=60, timer=60}#mapStr={}
2020-05-15 16:14:43.665  INFO 12448 --- [Thread-28] util.Log                                 : 	 ***** COUNT #elapse=600  #gap=5         #count=305       #map={appdata/GAP=183, appdata/PROC=61, timer=61}#mapStr={}
2020-05-15 16:14:53.348  INFO 12448 --- [Thread-23] o.s.m.s.b.SimpleBrokerMessageHandler     : Stopping...
2020-05-15 16:14:53.348  INFO 12448 --- [Thread-23] o.s.m.s.b.SimpleBrokerMessageHandler     : BrokerAvailabilityEvent[available=false, SimpleBrokerMessageHandler [DefaultSubscriptionRegistry[cache[0 destination(s)], registry[0 sessions]]]]
2020-05-15 16:14:53.348  INFO 12448 --- [Thread-23] o.s.m.s.b.SimpleBrokerMessageHandler     : Stopped.
2020-05-15 16:14:53.350  INFO 12448 --- [Thread-23] o.s.s.concurrent.ThreadPoolTaskExecutor  : Shutting down ExecutorService 'brokerChannelExecutor'
2020-05-15 16:14:53.351  INFO 12448 --- [Thread-23] o.s.s.c.ThreadPoolTaskScheduler          : Shutting down ExecutorService 'messageBrokerTaskScheduler'
2020-05-15 16:14:53.353  INFO 12448 --- [Thread-23] o.s.s.concurrent.ThreadPoolTaskExecutor  : Shutting down ExecutorService 'clientOutboundChannelExecutor'
2020-05-15 16:14:53.353  INFO 12448 --- [Thread-23] o.s.s.concurrent.ThreadPoolTaskExecutor  : Shutting down ExecutorService 'clientInboundChannelExecutor'
2020-05-15 16:14:53.354  INFO 12448 --- [Thread-23] j.LocalContainerEntityManagerFactoryBean : Closing JPA EntityManagerFactory for persistence unit 'default'
2020-05-15 16:14:53.354  INFO 12448 --- [Thread-23] .SchemaDropperImpl$DelayedDropActionImpl : HHH000477: Starting delayed evictData of schema as part of SessionFactory shut-down'
2020-05-15 16:14:53.356  INFO 12448 --- [Thread-23] com.zaxxer.hikari.HikariDataSource       : HikariPool-4 - Shutdown initiated...
2020-05-15 16:14:53.420  INFO 12448 --- [Thread-23] com.zaxxer.hikari.HikariDataSource       : HikariPool-4 - Shutdown completed.
2020-05-15 16:14:54.635  INFO 12448 --- [restartedMain] algo.Application                         : Starting Application on epo-kwak with PID 12448 (D:\project\kwakNG\uiserver-ng-sboot-starter\uiserver-sboot\target\classes started by epozen in d:\project\kwakNG\uiserver-ng-sboot-starter\uiserver-sboot)
2020-05-15 16:14:54.636  INFO 12448 --- [restartedMain] algo.Application                         : No active profile set, falling back to default profiles: default
2020-05-15 16:14:55.214  INFO 12448 --- [restartedMain] .s.d.r.c.RepositoryConfigurationDelegate : Bootstrapping Spring Data JPA repositories in DEFAULT mode.
2020-05-15 16:14:55.223  INFO 12448 --- [restartedMain] .s.d.r.c.RepositoryConfigurationDelegate : Finished Spring Data repository scanning in 8ms. Found 0 JPA repository interfaces.
2020-05-15 16:14:55.496  INFO 12448 --- [restartedMain] o.s.b.w.embedded.tomcat.TomcatWebServer  : Tomcat initialized with port(s): 8080 (http)
2020-05-15 16:14:55.497  INFO 12448 --- [restartedMain] o.apache.catalina.core.StandardService   : Starting service [Tomcat]
2020-05-15 16:14:55.497  INFO 12448 --- [restartedMain] org.apache.catalina.core.StandardEngine  : Starting Servlet engine: [Apache Tomcat/9.0.33]
2020-05-15 16:14:55.530  INFO 12448 --- [restartedMain] o.a.c.c.C.[Tomcat].[localhost].[/]       : Initializing Spring embedded WebApplicationContext
2020-05-15 16:14:55.531  INFO 12448 --- [restartedMain] o.s.web.context.ContextLoader            : Root WebApplicationContext: initialization completed in 892 ms
2020-05-15 16:14:55.564  INFO 12448 --- [restartedMain] com.zaxxer.hikari.HikariDataSource       : HikariPool-5 - Starting...
2020-05-15 16:15:00.183  INFO 12448 --- [restartedMain] com.zaxxer.hikari.HikariDataSource       : HikariPool-5 - Start completed.
2020-05-15 16:15:00.184  INFO 12448 --- [restartedMain] o.s.b.a.h2.H2ConsoleAutoConfiguration    : H2 console available at '/h2console'. Database available at 'jdbc:h2:file:d:/temp/h2db/h2testdb'
2020-05-15 16:15:00.270  INFO 12448 --- [restartedMain] o.hibernate.jpa.internal.util.LogHelper  : HHH000204: Processing PersistenceUnitInfo [name: default]
2020-05-15 16:15:00.276  INFO 12448 --- [restartedMain] org.hibernate.dialect.Dialect            : HHH000400: Using dialect: org.hibernate.dialect.H2Dialect
2020-05-15 16:15:00.295  INFO 12448 --- [restartedMain] o.h.e.t.j.p.i.JtaPlatformInitiator       : HHH000490: Using JtaPlatform implementation: [org.hibernate.engine.transaction.jta.platform.internal.NoJtaPlatform]
2020-05-15 16:15:00.296  INFO 12448 --- [restartedMain] j.LocalContainerEntityManagerFactoryBean : Initialized JPA EntityManagerFactory for persistence unit 'default'
2020-05-15 16:15:00.309  INFO 12448 --- [restartedMain] o.s.b.d.a.OptionalLiveReloadServer       : LiveReload server is running on port 35729
2020-05-15 16:15:00.361  INFO 12448 --- [restartedMain] o.s.s.concurrent.ThreadPoolTaskExecutor  : Initializing ExecutorService 'clientInboundChannelExecutor'
2020-05-15 16:15:00.364  INFO 12448 --- [restartedMain] o.s.s.concurrent.ThreadPoolTaskExecutor  : Initializing ExecutorService 'clientOutboundChannelExecutor'
2020-05-15 16:15:00.366  INFO 12448 --- [restartedMain] util.Log                                 : ------------------- configureMessageBroker start # org.springframework.messaging.simp.config.MessageBrokerRegistry@3a3cd67c
2020-05-15 16:15:00.478  WARN 12448 --- [restartedMain] JpaBaseConfiguration$JpaWebConfiguration : spring.jpa.open-in-view is enabled by default. Therefore, database queries may be performed during view rendering. Explicitly configure spring.jpa.open-in-view to disable this warning
2020-05-15 16:15:00.550  INFO 12448 --- [restartedMain] o.s.b.a.e.web.EndpointLinksResolver      : Exposing 2 endpoint(s) beneath base path '/actuator'
2020-05-15 16:15:00.599  INFO 12448 --- [restartedMain] pertySourcedRequestMappingHandlerMapping : Mapped URL path [/v2/api-docs] onto method [springfox.documentation.swagger2.web.Swagger2Controller#getDocumentation(String, HttpServletRequest)]
2020-05-15 16:15:00.604  INFO 12448 --- [restartedMain] o.s.s.c.ThreadPoolTaskScheduler          : Initializing ExecutorService 'messageBrokerTaskScheduler'
2020-05-15 16:15:00.605  INFO 12448 --- [restartedMain] util.Log                                 : ------------------- registerWebSocketHandlers start # org.springframework.web.socket.config.annotation.WebMvcStompEndpointRegistry@5807149
2020-05-15 16:15:00.608  INFO 12448 --- [restartedMain] o.s.s.concurrent.ThreadPoolTaskExecutor  : Initializing ExecutorService 'brokerChannelExecutor'
2020-05-15 16:15:00.647  INFO 12448 --- [restartedMain] o.s.b.a.w.s.WelcomePageHandlerMapping    : Adding welcome page: class path resource [META-INF/resources/index.html]
2020-05-15 16:15:00.669  WARN 12448 --- [restartedMain] ion$DefaultTemplateResolverConfiguration : Cannot find template location: classpath:/templates/ (please add some templates or check your Thymeleaf configuration)
2020-05-15 16:15:00.755  INFO 12448 --- [restartedMain] d.s.w.p.DocumentationPluginsBootstrapper : Context refreshed
2020-05-15 16:15:00.757  INFO 12448 --- [restartedMain] d.s.w.p.DocumentationPluginsBootstrapper : Found 1 custom documentation plugin(s)
2020-05-15 16:15:00.764  INFO 12448 --- [restartedMain] s.d.s.w.s.ApiListingReferenceScanner     : Scanning for api listing references
2020-05-15 16:15:00.808  INFO 12448 --- [restartedMain] .d.s.w.r.o.CachingOperationNameGenerator : Generating unique operation named: handleUsingGET_1
2020-05-15 16:15:00.811  INFO 12448 --- [restartedMain] .d.s.w.r.o.CachingOperationNameGenerator : Generating unique operation named: handleUsingGET_2
2020-05-15 16:15:00.825  INFO 12448 --- [restartedMain] o.s.m.s.b.SimpleBrokerMessageHandler     : Starting...
2020-05-15 16:15:00.825  INFO 12448 --- [restartedMain] o.s.m.s.b.SimpleBrokerMessageHandler     : BrokerAvailabilityEvent[available=true, SimpleBrokerMessageHandler [DefaultSubscriptionRegistry[cache[0 destination(s)], registry[0 sessions]]]]
2020-05-15 16:15:00.825  INFO 12448 --- [restartedMain] o.s.m.s.b.SimpleBrokerMessageHandler     : Started.
2020-05-15 16:15:00.841  INFO 12448 --- [restartedMain] o.s.b.w.embedded.tomcat.TomcatWebServer  : Tomcat started on port(s): 8080 (http) with context path ''
2020-05-15 16:15:00.842  INFO 12448 --- [restartedMain] algo.Application                         : Started Application in 6.248 seconds (JVM running for 998.384)
2020-05-15 16:15:00.845  INFO 12448 --- [restartedMain] .ConditionEvaluationDeltaLoggingListener : Condition evaluation unchanged
2020-05-15 16:15:04.176  INFO 12448 --- [Thread-29] o.s.m.s.b.SimpleBrokerMessageHandler     : Stopping...
2020-05-15 16:15:04.177  INFO 12448 --- [Thread-29] o.s.m.s.b.SimpleBrokerMessageHandler     : BrokerAvailabilityEvent[available=false, SimpleBrokerMessageHandler [DefaultSubscriptionRegistry[cache[0 destination(s)], registry[0 sessions]]]]
2020-05-15 16:15:04.178  INFO 12448 --- [Thread-29] o.s.m.s.b.SimpleBrokerMessageHandler     : Stopped.
2020-05-15 16:15:04.179  INFO 12448 --- [Thread-29] o.s.s.concurrent.ThreadPoolTaskExecutor  : Shutting down ExecutorService 'brokerChannelExecutor'
2020-05-15 16:15:04.179  INFO 12448 --- [Thread-29] o.s.s.c.ThreadPoolTaskScheduler          : Shutting down ExecutorService 'messageBrokerTaskScheduler'
2020-05-15 16:15:04.181  INFO 12448 --- [Thread-29] o.s.s.concurrent.ThreadPoolTaskExecutor  : Shutting down ExecutorService 'clientOutboundChannelExecutor'
2020-05-15 16:15:04.181  INFO 12448 --- [Thread-29] o.s.s.concurrent.ThreadPoolTaskExecutor  : Shutting down ExecutorService 'clientInboundChannelExecutor'
2020-05-15 16:15:04.181  INFO 12448 --- [Thread-29] j.LocalContainerEntityManagerFactoryBean : Closing JPA EntityManagerFactory for persistence unit 'default'
2020-05-15 16:15:04.182  INFO 12448 --- [Thread-29] .SchemaDropperImpl$DelayedDropActionImpl : HHH000477: Starting delayed evictData of schema as part of SessionFactory shut-down'
2020-05-15 16:15:04.183  INFO 12448 --- [Thread-29] com.zaxxer.hikari.HikariDataSource       : HikariPool-5 - Shutdown initiated...
2020-05-15 16:15:04.468  INFO 12448 --- [Thread-29] com.zaxxer.hikari.HikariDataSource       : HikariPool-5 - Shutdown completed.
2020-05-15 16:15:05.560  INFO 12448 --- [restartedMain] algo.Application                         : Starting Application on epo-kwak with PID 12448 (D:\project\kwakNG\uiserver-ng-sboot-starter\uiserver-sboot\target\classes started by epozen in d:\project\kwakNG\uiserver-ng-sboot-starter\uiserver-sboot)
2020-05-15 16:15:05.560  INFO 12448 --- [restartedMain] algo.Application                         : No active profile set, falling back to default profiles: default
2020-05-15 16:15:06.108  INFO 12448 --- [restartedMain] .s.d.r.c.RepositoryConfigurationDelegate : Bootstrapping Spring Data JPA repositories in DEFAULT mode.
2020-05-15 16:15:06.116  INFO 12448 --- [restartedMain] .s.d.r.c.RepositoryConfigurationDelegate : Finished Spring Data repository scanning in 7ms. Found 0 JPA repository interfaces.
2020-05-15 16:15:06.365  INFO 12448 --- [restartedMain] o.s.b.w.embedded.tomcat.TomcatWebServer  : Tomcat initialized with port(s): 8080 (http)
2020-05-15 16:15:06.366  INFO 12448 --- [restartedMain] o.apache.catalina.core.StandardService   : Starting service [Tomcat]
2020-05-15 16:15:06.366  INFO 12448 --- [restartedMain] org.apache.catalina.core.StandardEngine  : Starting Servlet engine: [Apache Tomcat/9.0.33]
2020-05-15 16:15:06.396  INFO 12448 --- [restartedMain] o.a.c.c.C.[Tomcat].[localhost].[/]       : Initializing Spring embedded WebApplicationContext
2020-05-15 16:15:06.396  INFO 12448 --- [restartedMain] o.s.web.context.ContextLoader            : Root WebApplicationContext: initialization completed in 832 ms
2020-05-15 16:15:06.428  INFO 12448 --- [restartedMain] com.zaxxer.hikari.HikariDataSource       : HikariPool-6 - Starting...
2020-05-15 16:15:10.842  INFO 12448 --- [Thread-34] util.Log                                 : 	 ***** COUNT #elapse=10   #gap=5         #count=5         #map={appdata/GAP=3, appdata/PROC=1, timer=1}#mapStr={}
2020-05-15 16:15:10.993  INFO 12448 --- [restartedMain] com.zaxxer.hikari.HikariDataSource       : HikariPool-6 - Start completed.
2020-05-15 16:15:10.994  INFO 12448 --- [restartedMain] o.s.b.a.h2.H2ConsoleAutoConfiguration    : H2 console available at '/h2console'. Database available at 'jdbc:h2:file:d:/temp/h2db/h2testdb'
2020-05-15 16:15:11.083  INFO 12448 --- [restartedMain] o.hibernate.jpa.internal.util.LogHelper  : HHH000204: Processing PersistenceUnitInfo [name: default]
2020-05-15 16:15:11.089  INFO 12448 --- [restartedMain] org.hibernate.dialect.Dialect            : HHH000400: Using dialect: org.hibernate.dialect.H2Dialect
2020-05-15 16:15:11.104  INFO 12448 --- [restartedMain] o.h.e.t.j.p.i.JtaPlatformInitiator       : HHH000490: Using JtaPlatform implementation: [org.hibernate.engine.transaction.jta.platform.internal.NoJtaPlatform]
2020-05-15 16:15:11.105  INFO 12448 --- [restartedMain] j.LocalContainerEntityManagerFactoryBean : Initialized JPA EntityManagerFactory for persistence unit 'default'
2020-05-15 16:15:11.120  INFO 12448 --- [restartedMain] o.s.b.d.a.OptionalLiveReloadServer       : LiveReload server is running on port 35729
2020-05-15 16:15:11.167  INFO 12448 --- [restartedMain] o.s.s.concurrent.ThreadPoolTaskExecutor  : Initializing ExecutorService 'clientInboundChannelExecutor'
2020-05-15 16:15:11.168  INFO 12448 --- [restartedMain] o.s.s.concurrent.ThreadPoolTaskExecutor  : Initializing ExecutorService 'clientOutboundChannelExecutor'
2020-05-15 16:15:11.170  INFO 12448 --- [restartedMain] util.Log                                 : ------------------- configureMessageBroker start # org.springframework.messaging.simp.config.MessageBrokerRegistry@126a43
2020-05-15 16:15:11.255  WARN 12448 --- [restartedMain] JpaBaseConfiguration$JpaWebConfiguration : spring.jpa.open-in-view is enabled by default. Therefore, database queries may be performed during view rendering. Explicitly configure spring.jpa.open-in-view to disable this warning
2020-05-15 16:15:11.301  INFO 12448 --- [restartedMain] o.s.b.a.e.web.EndpointLinksResolver      : Exposing 2 endpoint(s) beneath base path '/actuator'
2020-05-15 16:15:11.331  INFO 12448 --- [restartedMain] pertySourcedRequestMappingHandlerMapping : Mapped URL path [/v2/api-docs] onto method [springfox.documentation.swagger2.web.Swagger2Controller#getDocumentation(String, HttpServletRequest)]
2020-05-15 16:15:11.336  INFO 12448 --- [restartedMain] o.s.s.c.ThreadPoolTaskScheduler          : Initializing ExecutorService 'messageBrokerTaskScheduler'
2020-05-15 16:15:11.337  INFO 12448 --- [restartedMain] util.Log                                 : ------------------- registerWebSocketHandlers start # org.springframework.web.socket.config.annotation.WebMvcStompEndpointRegistry@fcf248b
2020-05-15 16:15:11.341  INFO 12448 --- [restartedMain] o.s.s.concurrent.ThreadPoolTaskExecutor  : Initializing ExecutorService 'brokerChannelExecutor'
2020-05-15 16:15:11.391  INFO 12448 --- [restartedMain] o.s.b.a.w.s.WelcomePageHandlerMapping    : Adding welcome page: class path resource [META-INF/resources/index.html]
2020-05-15 16:15:11.413  WARN 12448 --- [restartedMain] ion$DefaultTemplateResolverConfiguration : Cannot find template location: classpath:/templates/ (please add some templates or check your Thymeleaf configuration)
2020-05-15 16:15:11.479  INFO 12448 --- [restartedMain] d.s.w.p.DocumentationPluginsBootstrapper : Context refreshed
2020-05-15 16:15:11.480  INFO 12448 --- [restartedMain] d.s.w.p.DocumentationPluginsBootstrapper : Found 1 custom documentation plugin(s)
2020-05-15 16:15:11.486  INFO 12448 --- [restartedMain] s.d.s.w.s.ApiListingReferenceScanner     : Scanning for api listing references
2020-05-15 16:15:11.529  INFO 12448 --- [restartedMain] .d.s.w.r.o.CachingOperationNameGenerator : Generating unique operation named: handleUsingGET_1
2020-05-15 16:15:11.531  INFO 12448 --- [restartedMain] .d.s.w.r.o.CachingOperationNameGenerator : Generating unique operation named: handleUsingGET_2
2020-05-15 16:15:11.543  INFO 12448 --- [restartedMain] o.s.m.s.b.SimpleBrokerMessageHandler     : Starting...
2020-05-15 16:15:11.543  INFO 12448 --- [restartedMain] o.s.m.s.b.SimpleBrokerMessageHandler     : BrokerAvailabilityEvent[available=true, SimpleBrokerMessageHandler [DefaultSubscriptionRegistry[cache[0 destination(s)], registry[0 sessions]]]]
2020-05-15 16:15:11.544  INFO 12448 --- [restartedMain] o.s.m.s.b.SimpleBrokerMessageHandler     : Started.
2020-05-15 16:15:11.559  INFO 12448 --- [restartedMain] o.s.b.w.embedded.tomcat.TomcatWebServer  : Tomcat started on port(s): 8080 (http) with context path ''
2020-05-15 16:15:11.560  INFO 12448 --- [restartedMain] algo.Application                         : Started Application in 6.037 seconds (JVM running for 1009.102)
2020-05-15 16:15:11.563  INFO 12448 --- [restartedMain] .ConditionEvaluationDeltaLoggingListener : Condition evaluation unchanged
2020-05-15 16:15:21.562  INFO 12448 --- [Thread-40] util.Log                                 : 	 ***** COUNT #elapse=10   #gap=10        #count=10        #map={appdata/GAP=6, appdata/PROC=2, timer=2}#mapStr={}
2020-05-15 16:15:31.562  INFO 12448 --- [Thread-40] util.Log                                 : 	 ***** COUNT #elapse=20   #gap=5         #count=15        #map={appdata/GAP=9, appdata/PROC=3, timer=3}#mapStr={}
2020-05-15 16:15:41.562  INFO 12448 --- [Thread-40] util.Log                                 : 	 ***** COUNT #elapse=30   #gap=5         #count=20        #map={appdata/GAP=12, appdata/PROC=4, timer=4}#mapStr={}
2020-05-15 16:15:51.563  INFO 12448 --- [Thread-40] util.Log                                 : 	 ***** COUNT #elapse=40   #gap=5         #count=25        #map={appdata/GAP=15, appdata/PROC=5, timer=5}#mapStr={}
2020-05-15 16:16:01.563  INFO 12448 --- [Thread-40] util.Log                                 : 	 ***** COUNT #elapse=50   #gap=5         #count=30        #map={appdata/GAP=18, appdata/PROC=6, timer=6}#mapStr={}
2020-05-15 16:16:11.341  INFO 12448 --- [MessageBroker-4] o.s.w.s.c.WebSocketMessageBrokerStats    : WebSocketSession[0 current WS(0)-HttpStream(0)-HttpPoll(0), 0 total, 0 closed abnormally (0 connect failure, 0 send limit, 0 transport error)], stompSubProtocol[processed CONNECT(0)-CONNECTED(0)-DISCONNECT(0)], stompBrokerRelay[null], inboundChannel[pool size = 0, active threads = 0, queued tasks = 0, completed tasks = 0], outboundChannel[pool size = 0, active threads = 0, queued tasks = 0, completed tasks = 0], sockJsScheduler[pool size = 8, active threads = 1, queued tasks = 1, completed tasks = 6]
2020-05-15 16:16:11.406  INFO 12448 --- [Thread-35] o.s.m.s.b.SimpleBrokerMessageHandler     : Stopping...
2020-05-15 16:16:11.406  INFO 12448 --- [Thread-35] o.s.m.s.b.SimpleBrokerMessageHandler     : BrokerAvailabilityEvent[available=false, SimpleBrokerMessageHandler [DefaultSubscriptionRegistry[cache[0 destination(s)], registry[0 sessions]]]]
2020-05-15 16:16:11.406  INFO 12448 --- [Thread-35] o.s.m.s.b.SimpleBrokerMessageHandler     : Stopped.
2020-05-15 16:16:11.408  INFO 12448 --- [Thread-35] o.s.s.concurrent.ThreadPoolTaskExecutor  : Shutting down ExecutorService 'brokerChannelExecutor'
2020-05-15 16:16:11.408  INFO 12448 --- [Thread-35] o.s.s.c.ThreadPoolTaskScheduler          : Shutting down ExecutorService 'messageBrokerTaskScheduler'
2020-05-15 16:16:11.410  INFO 12448 --- [Thread-35] o.s.s.concurrent.ThreadPoolTaskExecutor  : Shutting down ExecutorService 'clientOutboundChannelExecutor'
2020-05-15 16:16:11.411  INFO 12448 --- [Thread-35] o.s.s.concurrent.ThreadPoolTaskExecutor  : Shutting down ExecutorService 'clientInboundChannelExecutor'
2020-05-15 16:16:11.411  INFO 12448 --- [Thread-35] j.LocalContainerEntityManagerFactoryBean : Closing JPA EntityManagerFactory for persistence unit 'default'
2020-05-15 16:16:11.411  INFO 12448 --- [Thread-35] .SchemaDropperImpl$DelayedDropActionImpl : HHH000477: Starting delayed evictData of schema as part of SessionFactory shut-down'
2020-05-15 16:16:11.418  INFO 12448 --- [Thread-35] com.zaxxer.hikari.HikariDataSource       : HikariPool-6 - Shutdown initiated...
2020-05-15 16:16:11.798  INFO 12448 --- [Thread-35] com.zaxxer.hikari.HikariDataSource       : HikariPool-6 - Shutdown completed.
2020-05-15 16:16:12.956  INFO 12448 --- [restartedMain] algo.Application                         : Starting Application on epo-kwak with PID 12448 (D:\project\kwakNG\uiserver-ng-sboot-starter\uiserver-sboot\target\classes started by epozen in d:\project\kwakNG\uiserver-ng-sboot-starter\uiserver-sboot)
2020-05-15 16:16:12.957  INFO 12448 --- [restartedMain] algo.Application                         : No active profile set, falling back to default profiles: default
2020-05-15 16:16:13.510  INFO 12448 --- [restartedMain] .s.d.r.c.RepositoryConfigurationDelegate : Bootstrapping Spring Data JPA repositories in DEFAULT mode.
2020-05-15 16:16:13.518  INFO 12448 --- [restartedMain] .s.d.r.c.RepositoryConfigurationDelegate : Finished Spring Data repository scanning in 7ms. Found 0 JPA repository interfaces.
2020-05-15 16:16:13.795  INFO 12448 --- [restartedMain] o.s.b.w.embedded.tomcat.TomcatWebServer  : Tomcat initialized with port(s): 8080 (http)
2020-05-15 16:16:13.797  INFO 12448 --- [restartedMain] o.apache.catalina.core.StandardService   : Starting service [Tomcat]
2020-05-15 16:16:13.798  INFO 12448 --- [restartedMain] org.apache.catalina.core.StandardEngine  : Starting Servlet engine: [Apache Tomcat/9.0.33]
2020-05-15 16:16:13.873  INFO 12448 --- [restartedMain] o.a.c.c.C.[Tomcat].[localhost].[/]       : Initializing Spring embedded WebApplicationContext
2020-05-15 16:16:13.873  INFO 12448 --- [restartedMain] o.s.web.context.ContextLoader            : Root WebApplicationContext: initialization completed in 914 ms
2020-05-15 16:16:13.903  INFO 12448 --- [restartedMain] com.zaxxer.hikari.HikariDataSource       : HikariPool-7 - Starting...
2020-05-15 16:16:18.480  INFO 12448 --- [restartedMain] com.zaxxer.hikari.HikariDataSource       : HikariPool-7 - Start completed.
2020-05-15 16:16:18.480  INFO 12448 --- [restartedMain] o.s.b.a.h2.H2ConsoleAutoConfiguration    : H2 console available at '/h2console'. Database available at 'jdbc:h2:file:d:/temp/h2db/h2testdb'
2020-05-15 16:16:18.549  INFO 12448 --- [restartedMain] o.hibernate.jpa.internal.util.LogHelper  : HHH000204: Processing PersistenceUnitInfo [name: default]
2020-05-15 16:16:18.554  INFO 12448 --- [restartedMain] org.hibernate.dialect.Dialect            : HHH000400: Using dialect: org.hibernate.dialect.H2Dialect
2020-05-15 16:16:18.568  INFO 12448 --- [restartedMain] o.h.e.t.j.p.i.JtaPlatformInitiator       : HHH000490: Using JtaPlatform implementation: [org.hibernate.engine.transaction.jta.platform.internal.NoJtaPlatform]
2020-05-15 16:16:18.568  INFO 12448 --- [restartedMain] j.LocalContainerEntityManagerFactoryBean : Initialized JPA EntityManagerFactory for persistence unit 'default'
2020-05-15 16:16:18.578  INFO 12448 --- [restartedMain] o.s.b.d.a.OptionalLiveReloadServer       : LiveReload server is running on port 35729
2020-05-15 16:16:18.613  INFO 12448 --- [restartedMain] o.s.s.concurrent.ThreadPoolTaskExecutor  : Initializing ExecutorService 'clientInboundChannelExecutor'
2020-05-15 16:16:18.614  INFO 12448 --- [restartedMain] o.s.s.concurrent.ThreadPoolTaskExecutor  : Initializing ExecutorService 'clientOutboundChannelExecutor'
2020-05-15 16:16:18.615  INFO 12448 --- [restartedMain] util.Log                                 : ------------------- configureMessageBroker start # org.springframework.messaging.simp.config.MessageBrokerRegistry@2b7bdde8
2020-05-15 16:16:18.700  WARN 12448 --- [restartedMain] JpaBaseConfiguration$JpaWebConfiguration : spring.jpa.open-in-view is enabled by default. Therefore, database queries may be performed during view rendering. Explicitly configure spring.jpa.open-in-view to disable this warning
2020-05-15 16:16:18.741  INFO 12448 --- [restartedMain] o.s.b.a.e.web.EndpointLinksResolver      : Exposing 2 endpoint(s) beneath base path '/actuator'
2020-05-15 16:16:18.770  INFO 12448 --- [restartedMain] pertySourcedRequestMappingHandlerMapping : Mapped URL path [/v2/api-docs] onto method [springfox.documentation.swagger2.web.Swagger2Controller#getDocumentation(String, HttpServletRequest)]
2020-05-15 16:16:18.775  INFO 12448 --- [restartedMain] o.s.s.c.ThreadPoolTaskScheduler          : Initializing ExecutorService 'messageBrokerTaskScheduler'
2020-05-15 16:16:18.777  INFO 12448 --- [restartedMain] util.Log                                 : ------------------- registerWebSocketHandlers start # org.springframework.web.socket.config.annotation.WebMvcStompEndpointRegistry@3f5fb12
2020-05-15 16:16:18.781  INFO 12448 --- [restartedMain] o.s.s.concurrent.ThreadPoolTaskExecutor  : Initializing ExecutorService 'brokerChannelExecutor'
2020-05-15 16:16:18.822  INFO 12448 --- [restartedMain] o.s.b.a.w.s.WelcomePageHandlerMapping    : Adding welcome page: class path resource [META-INF/resources/index.html]
2020-05-15 16:16:18.842  WARN 12448 --- [restartedMain] ion$DefaultTemplateResolverConfiguration : Cannot find template location: classpath:/templates/ (please add some templates or check your Thymeleaf configuration)
2020-05-15 16:16:18.912  INFO 12448 --- [restartedMain] d.s.w.p.DocumentationPluginsBootstrapper : Context refreshed
2020-05-15 16:16:18.913  INFO 12448 --- [restartedMain] d.s.w.p.DocumentationPluginsBootstrapper : Found 1 custom documentation plugin(s)
2020-05-15 16:16:18.920  INFO 12448 --- [restartedMain] s.d.s.w.s.ApiListingReferenceScanner     : Scanning for api listing references
2020-05-15 16:16:18.963  INFO 12448 --- [restartedMain] .d.s.w.r.o.CachingOperationNameGenerator : Generating unique operation named: handleUsingGET_1
2020-05-15 16:16:18.965  INFO 12448 --- [restartedMain] .d.s.w.r.o.CachingOperationNameGenerator : Generating unique operation named: handleUsingGET_2
2020-05-15 16:16:18.974  INFO 12448 --- [restartedMain] o.s.m.s.b.SimpleBrokerMessageHandler     : Starting...
2020-05-15 16:16:18.974  INFO 12448 --- [restartedMain] o.s.m.s.b.SimpleBrokerMessageHandler     : BrokerAvailabilityEvent[available=true, SimpleBrokerMessageHandler [DefaultSubscriptionRegistry[cache[0 destination(s)], registry[0 sessions]]]]
2020-05-15 16:16:18.974  INFO 12448 --- [restartedMain] o.s.m.s.b.SimpleBrokerMessageHandler     : Started.
2020-05-15 16:16:18.993  INFO 12448 --- [restartedMain] o.s.b.w.embedded.tomcat.TomcatWebServer  : Tomcat started on port(s): 8080 (http) with context path ''
2020-05-15 16:16:18.994  INFO 12448 --- [restartedMain] algo.Application                         : Started Application in 6.075 seconds (JVM running for 1076.536)
2020-05-15 16:16:18.997  INFO 12448 --- [restartedMain] .ConditionEvaluationDeltaLoggingListener : Condition evaluation unchanged
2020-05-15 16:16:28.993  INFO 12448 --- [Thread-46] util.Log                                 : 	 ***** COUNT #elapse=10   #gap=2         #count=2         #map={timer=2}#mapStr={}
2020-05-15 16:16:38.995  INFO 12448 --- [Thread-46] util.Log                                 : 	 ***** COUNT #elapse=20   #gap=1         #count=3         #map={timer=3}#mapStr={}
2020-05-15 16:16:39.497  INFO 12448 --- [Thread-41] o.s.m.s.b.SimpleBrokerMessageHandler     : Stopping...
2020-05-15 16:16:39.497  INFO 12448 --- [Thread-41] o.s.m.s.b.SimpleBrokerMessageHandler     : BrokerAvailabilityEvent[available=false, SimpleBrokerMessageHandler [DefaultSubscriptionRegistry[cache[0 destination(s)], registry[0 sessions]]]]
2020-05-15 16:16:39.497  INFO 12448 --- [Thread-41] o.s.m.s.b.SimpleBrokerMessageHandler     : Stopped.
2020-05-15 16:16:39.498  INFO 12448 --- [Thread-41] o.s.s.concurrent.ThreadPoolTaskExecutor  : Shutting down ExecutorService 'brokerChannelExecutor'
2020-05-15 16:16:39.498  INFO 12448 --- [Thread-41] o.s.s.c.ThreadPoolTaskScheduler          : Shutting down ExecutorService 'messageBrokerTaskScheduler'
2020-05-15 16:16:39.499  INFO 12448 --- [Thread-41] o.s.s.concurrent.ThreadPoolTaskExecutor  : Shutting down ExecutorService 'clientOutboundChannelExecutor'
2020-05-15 16:16:39.499  INFO 12448 --- [Thread-41] o.s.s.concurrent.ThreadPoolTaskExecutor  : Shutting down ExecutorService 'clientInboundChannelExecutor'
2020-05-15 16:16:39.500  INFO 12448 --- [Thread-41] j.LocalContainerEntityManagerFactoryBean : Closing JPA EntityManagerFactory for persistence unit 'default'
2020-05-15 16:16:39.500  INFO 12448 --- [Thread-41] .SchemaDropperImpl$DelayedDropActionImpl : HHH000477: Starting delayed evictData of schema as part of SessionFactory shut-down'
2020-05-15 16:16:39.501  INFO 12448 --- [Thread-41] com.zaxxer.hikari.HikariDataSource       : HikariPool-7 - Shutdown initiated...
2020-05-15 16:16:39.856  INFO 12448 --- [Thread-41] com.zaxxer.hikari.HikariDataSource       : HikariPool-7 - Shutdown completed.
